<?xml version="1.0" encoding="UTF-8"?>
<!-- Generated by org.testng.reporters.JUnitReportReporter -->
<testsuite hostname="LIMBO" failures="0" tests="1" name="userModel.getUser.GetUserTestClass" time="0.950" errors="0" timestamp="2023-12-04T13:13:35 IST" skipped="0">
  <testcase classname="userModel.getUser.GetUserTestClass" name="getUserTest_1" time="0.950"/>
</testsuite> <!-- userModel.getUser.GetUserTestClass -->
