<?xml version="1.0" encoding="UTF-8"?>
<!-- Generated by org.testng.reporters.JUnitReportReporter -->
<testsuite hostname="LIMBO" failures="0" tests="1" name="userModel.updateUser.UpdateUserTestClass" time="0.790" errors="0" timestamp="2023-12-04T13:13:35 IST" skipped="0">
  <testcase classname="userModel.updateUser.UpdateUserTestClass" name="updateUserTest_1" time="0.790"/>
</testsuite> <!-- userModel.updateUser.UpdateUserTestClass -->
