<?xml version="1.0" encoding="UTF-8"?>
<!-- Generated by org.testng.reporters.JUnitReportReporter -->
<testsuite hostname="LIMBO" failures="0" tests="1" name="userModel.deleteUser.DeleteUserTestClass" time="2.462" errors="0" timestamp="2023-12-15T16:44:23 IST" skipped="0">
  <testcase classname="userModel.deleteUser.DeleteUserTestClass" name="deleteUserTestCase_1" time="2.462"/>
</testsuite> <!-- userModel.deleteUser.DeleteUserTestClass -->
