<?xml version="1.0" encoding="UTF-8"?>
<!-- Generated by org.testng.reporters.JUnitReportReporter -->
<testsuite hostname="LIMBO" failures="0" tests="1" name="userModel.createUser.CreateUserTestClass" time="2.830" errors="0" timestamp="2023-12-04T13:13:35 IST" skipped="0">
  <testcase classname="userModel.createUser.CreateUserTestClass" name="createUserTest_1" time="2.830"/>
</testsuite> <!-- userModel.createUser.CreateUserTestClass -->
