<?xml version="1.0" encoding="UTF-8"?>
<!-- Generated by org.testng.reporters.JUnitReportReporter -->
<testsuite hostname="LIMBO" failures="0" tests="1" name="userModel.deleteUser.DeleteUserTestClass" time="1.610" errors="0" timestamp="2023-12-05T17:26:16 IST" skipped="0">
  <testcase classname="userModel.deleteUser.DeleteUserTestClass" name="deleteUserTestCase_1" time="1.610"/>
</testsuite> <!-- userModel.deleteUser.DeleteUserTestClass -->
