<?xml version="1.0" encoding="UTF-8"?>
<!-- Generated by org.testng.reporters.JUnitReportReporter -->
<testsuite hostname="LIMBO" failures="0" tests="1" name="tests.CreateUserTest" time="3.591" errors="0" timestamp="2023-12-29T23:03:05 IST" skipped="0">
  <testcase classname="tests.CreateUserTest" name="createUserTest_1" time="3.591"/>
</testsuite> <!-- tests.CreateUserTest -->
