<?xml version="1.0" encoding="UTF-8"?>
<!-- Generated by org.testng.reporters.JUnitReportReporter -->
<testsuite hostname="LIMBO" failures="0" tests="1" name="tests.GetUserTest" time="2.197" errors="0" timestamp="2023-12-29T23:03:05 IST" skipped="0">
  <testcase classname="tests.GetUserTest" name="getUserTest_1" time="2.197"/>
</testsuite> <!-- tests.GetUserTest -->
