<?xml version="1.0" encoding="UTF-8"?>
<!-- Generated by org.testng.reporters.JUnitReportReporter -->
<testsuite hostname="LIMBO" failures="0" tests="1" name="userModel.getUser.GetUserTestClass" time="1.066" errors="0" timestamp="2023-12-07T14:06:19 IST" skipped="0">
  <testcase classname="userModel.getUser.GetUserTestClass" name="getUserTest_1" time="1.066"/>
</testsuite> <!-- userModel.getUser.GetUserTestClass -->
