<?xml version="1.0" encoding="UTF-8"?>
<!-- Generated by org.testng.reporters.JUnitReportReporter -->
<testsuite hostname="LIMBO" failures="0" tests="1" name="userModel.updateUser.UpdateUserTestClass" time="0.783" errors="0" timestamp="2023-12-07T14:06:19 IST" skipped="0">
  <testcase classname="userModel.updateUser.UpdateUserTestClass" name="updateUserTest_1" time="0.783"/>
</testsuite> <!-- userModel.updateUser.UpdateUserTestClass -->
