<?xml version="1.0" encoding="UTF-8"?>
<!-- Generated by org.testng.reporters.JUnitReportReporter -->
<testsuite hostname="LIMBO" failures="0" tests="1" name="userModel.getUser.GetUserTestClass" time="1.688" errors="0" timestamp="2023-12-05T17:26:16 IST" skipped="0">
  <testcase classname="userModel.getUser.GetUserTestClass" name="getUserTest_1" time="1.688"/>
</testsuite> <!-- userModel.getUser.GetUserTestClass -->
