<?xml version="1.0" encoding="UTF-8"?>
<!-- Generated by org.testng.reporters.JUnitReportReporter -->
<testsuite hostname="LIMBO" failures="0" tests="1" name="userModel.deleteUser.DeleteUserTestClass" time="1.112" errors="0" timestamp="2023-12-07T14:06:19 IST" skipped="0">
  <testcase classname="userModel.deleteUser.DeleteUserTestClass" name="deleteUserTestCase_1" time="1.112"/>
</testsuite> <!-- userModel.deleteUser.DeleteUserTestClass -->
