<?xml version="1.0" encoding="UTF-8"?>
<!-- Generated by org.testng.reporters.JUnitReportReporter -->
<testsuite hostname="LIMBO" failures="0" tests="1" name="com.selenium.assignment.testing.AddCompany" time="8.230" errors="0" timestamp="2023-11-27T13:56:24 IST" skipped="0">
  <testcase classname="com.selenium.assignment.testing.AddCompany" name="addCompanyTest" time="8.230"/>
  <system-out/>
</testsuite> <!-- com.selenium.assignment.testing.AddCompany -->
