<?xml version="1.0" encoding="UTF-8"?>
<!-- Generated by org.testng.reporters.JUnitReportReporter -->
<testsuite hostname="LIMBO" failures="0" tests="1" name="testCases.AddCandidateCustomFieldTest" time="58.855" errors="0" timestamp="2023-11-10T13:07:03 IST" skipped="0">
  <testcase classname="testCases.AddCandidateCustomFieldTest" name="addCandidateCustomFieldTest" time="58.855"/>
  <system-out/>
</testsuite> <!-- testCases.AddCandidateCustomFieldTest -->
