<?xml version="1.0" encoding="UTF-8"?>
<!-- Generated by org.testng.reporters.JUnitReportReporter -->
<testsuite hostname="LIMBO" failures="0" tests="1" name="com.selenium.assignment.testing.AddCompany" time="7.193" errors="0" timestamp="2023-10-27T15:47:06 IST" skipped="0">
  <testcase classname="com.selenium.assignment.testing.AddCompany" name="addCompanyTest" time="7.193"/>
  <system-out/>
</testsuite> <!-- com.selenium.assignment.testing.AddCompany -->
