<?xml version="1.0" encoding="UTF-8"?>
<!-- Generated by org.testng.reporters.JUnitReportReporter -->
<testsuite hostname="LIMBO" failures="0" tests="3" name="com.recruitcrm.testing.AddCandidateTesting" time="48.694" errors="0" timestamp="2023-10-23T22:57:27 IST" skipped="0">
  <testcase classname="com.recruitcrm.testing.AddCandidateTesting" name="testLogin" time="2.226"/>
  <system-out/>
  <testcase classname="com.recruitcrm.testing.AddCandidateTesting" name="addCandidateTest_1" time="7.625"/>
  <system-out/>
  <testcase classname="com.recruitcrm.testing.AddCandidateTesting" name="addCandidateTest_2" time="38.843"/>
  <system-out/>
</testsuite> <!-- com.recruitcrm.testing.AddCandidateTesting -->
