<?xml version="1.0" encoding="UTF-8"?>
<!-- Generated by org.testng.reporters.JUnitReportReporter -->
<testsuite hostname="LIMBO" failures="0" tests="1" name="basic.LaunchChrome" time="5.684" errors="0" timestamp="2023-11-27T13:23:11 IST" skipped="0">
  <testcase classname="basic.LaunchChrome" name="openSite" time="5.684"/>
  <system-out/>
</testsuite> <!-- basic.LaunchChrome -->
