<?xml version="1.0" encoding="UTF-8"?>
<!-- Generated by org.testng.reporters.JUnitReportReporter -->
<testsuite hostname="LIMBO" failures="0" tests="1" name="testCases.AddJobTest" time="19.396" errors="0" timestamp="2023-11-10T14:07:30 IST" skipped="0">
  <testcase classname="testCases.AddJobTest" name="addJobTest" time="19.396"/>
  <system-out/>
</testsuite> <!-- testCases.AddJobTest -->
