<?xml version="1.0" encoding="UTF-8"?>
<!-- Generated by org.testng.reporters.JUnitReportReporter -->
<testsuite hostname="LIMBO" failures="0" tests="1" name="com.recruitcrm.testing.AddCompanyTesting" time="11.384" errors="0" timestamp="2023-12-07T16:53:56 IST" skipped="0">
  <testcase classname="com.recruitcrm.testing.AddCompanyTesting" name="addCompanyTest" time="11.384"/>
  <system-out/>
</testsuite> <!-- com.recruitcrm.testing.AddCompanyTesting -->
