<?xml version="1.0" encoding="UTF-8"?>
<!-- Generated by org.testng.reporters.JUnitReportReporter -->
<testsuite hostname="LIMBO" failures="0" tests="1" name="basic.LaunchEdge" time="8.781" errors="0" timestamp="2023-11-27T13:23:11 IST" skipped="0">
  <testcase classname="basic.LaunchEdge" name="openSite" time="8.781"/>
  <system-out/>
</testsuite> <!-- basic.LaunchEdge -->
