<?xml version="1.0" encoding="UTF-8"?>
<!-- Generated by org.testng.reporters.JUnitReportReporter -->
<testsuite hostname="LIMBO" failures="0" tests="2" name="com.selenium.assignment.testing.AddCandidate" time="72.644" errors="0" timestamp="2023-11-01T19:56:28 IST" skipped="0">
  <testcase classname="com.selenium.assignment.testing.AddCandidate" name="addCandidateTest_Manual" time="22.420"/>
  <system-out/>
  <testcase classname="com.selenium.assignment.testing.AddCandidate" name="addCandidateTest_Auto" time="50.224"/>
  <system-out/>
</testsuite> <!-- com.selenium.assignment.testing.AddCandidate -->
