<?xml version="1.0" encoding="UTF-8"?>
<!-- Generated by org.testng.reporters.JUnitReportReporter -->
<testsuite hostname="LIMBO" failures="0" tests="2" name="com.selenium.assignment.testing.AddCandidate" time="68.870" errors="0" timestamp="2023-10-28T21:04:07 IST" skipped="0">
  <testcase classname="com.selenium.assignment.testing.AddCandidate" name="addCandidateTest_Manual" time="18.798"/>
  <system-out/>
  <testcase classname="com.selenium.assignment.testing.AddCandidate" name="addCandidateTest_Auto" time="50.072"/>
  <system-out/>
</testsuite> <!-- com.selenium.assignment.testing.AddCandidate -->
