<?xml version="1.0" encoding="UTF-8"?>
<!-- Generated by org.testng.reporters.JUnitReportReporter -->
<testsuite hostname="LIMBO" failures="0" tests="1" name="testCases.DeleteCandidateCustomFieldTestClass" time="70.394" errors="0" timestamp="2023-12-07T16:16:04 IST" skipped="0">
  <testcase classname="testCases.DeleteCandidateCustomFieldTestClass" name="deleteCandidateCustomFieldTest" time="70.394"/>
  <system-out/>
</testsuite> <!-- testCases.DeleteCandidateCustomFieldTestClass -->
