<?xml version="1.0" encoding="UTF-8"?>
<!-- Generated by org.testng.reporters.JUnitReportReporter -->
<testsuite hostname="LIMBO" failures="0" tests="1" name="com.recruitcrm.testing.AddCandidateTesting" time="15.447" errors="0" timestamp="2023-12-07T16:53:56 IST" skipped="0">
  <testcase classname="com.recruitcrm.testing.AddCandidateTesting" name="addCandidateTest_1" time="15.447"/>
  <system-out/>
</testsuite> <!-- com.recruitcrm.testing.AddCandidateTesting -->
