<?xml version="1.0" encoding="UTF-8"?>
<!-- Generated by org.testng.reporters.JUnitReportReporter -->
<<<<<<< HEAD
<testsuite hostname="LIMBO" failures="0" tests="1" name="com.selenium.assignment.testing.AddJob" time="9.950" errors="0" timestamp="2023-11-27T13:56:24 IST" skipped="0">
  <testcase classname="com.selenium.assignment.testing.AddJob" name="addJobTest" time="9.950"/>
=======
<testsuite hostname="LIMBO" failures="0" tests="1" name="com.selenium.assignment.testing.AddJob" time="10.320" errors="0" timestamp="2023-11-01T19:56:28 IST" skipped="0">
  <testcase classname="com.selenium.assignment.testing.AddJob" name="addJobTest" time="10.320"/>
>>>>>>> f3019197239f5e9ccbf4850cd67f34923df8476a
  <system-out/>
</testsuite> <!-- com.selenium.assignment.testing.AddJob -->
