<?xml version="1.0" encoding="UTF-8"?>
<!-- Generated by org.testng.reporters.JUnitReportReporter -->
<<<<<<< HEAD
<testsuite hostname="LIMBO" failures="0" tests="1" name="com.selenium.assignment.testing.AddCompany" time="8.230" errors="0" timestamp="2023-11-27T13:56:24 IST" skipped="0">
  <testcase classname="com.selenium.assignment.testing.AddCompany" name="addCompanyTest" time="8.230"/>
=======
<testsuite hostname="LIMBO" failures="0" tests="1" name="com.selenium.assignment.testing.AddCompany" time="8.293" errors="0" timestamp="2023-11-01T19:56:28 IST" skipped="0">
  <testcase classname="com.selenium.assignment.testing.AddCompany" name="addCompanyTest" time="8.293"/>
>>>>>>> f3019197239f5e9ccbf4850cd67f34923df8476a
  <system-out/>
</testsuite> <!-- com.selenium.assignment.testing.AddCompany -->
