<?xml version="1.0" encoding="UTF-8"?>
<!-- Generated by org.testng.reporters.JUnitReportReporter -->
<testsuite hostname="LIMBO" failures="0" tests="1" name="testCases.LoginTestClass" time="4.129" errors="0" timestamp="2023-11-11T18:06:25 IST" skipped="0">
  <testcase classname="testCases.LoginTestClass" name="loginTest" time="4.129"/>
  <system-out/>
</testsuite> <!-- testCases.LoginTestClass -->
