<?xml version="1.0" encoding="UTF-8"?>
<!-- Generated by org.testng.reporters.JUnitReportReporter -->
<testsuite hostname="LIMBO" failures="0" tests="1" name="testCases.DeleteCandidateCustomFieldTestClass" time="67.266" errors="0" timestamp="2023-11-27T16:09:01 IST" skipped="0">
  <testcase classname="testCases.DeleteCandidateCustomFieldTestClass" name="deleteCandidateCustomFieldTest" time="67.266"/>
  <system-out/>
</testsuite> <!-- testCases.DeleteCandidateCustomFieldTestClass -->
