<?xml version="1.0" encoding="UTF-8"?>
<!-- Generated by org.testng.reporters.JUnitReportReporter -->
<testsuite hostname="LIMBO" failures="0" tests="1" name="com.recruitcrm.testing.AddCompanyTesting" time="12.409" errors="0" timestamp="2023-11-16T13:02:39 IST" skipped="0">
  <testcase classname="com.recruitcrm.testing.AddCompanyTesting" name="addCompanyTest" time="12.409"/>
  <system-out/>
</testsuite> <!-- com.recruitcrm.testing.AddCompanyTesting -->
