<?xml version="1.0" encoding="UTF-8"?>
<!-- Generated by org.testng.reporters.JUnitReportReporter -->
<testsuite hostname="LIMBO" failures="0" tests="3" name="com.recruitcrm.testing.AddCandidateTesting" time="45.450" errors="0" timestamp="2023-10-25T18:55:11 IST" skipped="0">
  <testcase classname="com.recruitcrm.testing.AddCandidateTesting" name="testLogin" time="2.198"/>
  <system-out/>
  <testcase classname="com.recruitcrm.testing.AddCandidateTesting" name="addCandidateTest_1" time="16.180"/>
  <system-out/>
  <testcase classname="com.recruitcrm.testing.AddCandidateTesting" name="addCandidateTest_2" time="27.072"/>
  <system-out/>
</testsuite> <!-- com.recruitcrm.testing.AddCandidateTesting -->
