<?xml version="1.0" encoding="UTF-8"?>
<!-- Generated by org.testng.reporters.JUnitReportReporter -->
<testsuite hostname="LIMBO" failures="0" tests="1" name="testCases.AddCandidateTest" time="12.696" errors="0" timestamp="2023-11-10T13:58:10 IST" skipped="0">
  <testcase classname="testCases.AddCandidateTest" name="addCandidateTest" time="12.696"/>
  <system-out/>
</testsuite> <!-- testCases.AddCandidateTest -->
