<?xml version="1.0" encoding="UTF-8"?>
<!-- Generated by org.testng.reporters.JUnitReportReporter -->
<testsuite hostname="LIMBO" failures="0" tests="1" name="com.selenium.assignment.testing.AddContact" time="10.676" errors="0" timestamp="2023-10-31T21:00:07 IST" skipped="0">
  <testcase classname="com.selenium.assignment.testing.AddContact" name="addContactTest" time="10.676"/>
  <system-out/>
</testsuite> <!-- com.selenium.assignment.testing.AddContact -->
