<?xml version="1.0" encoding="UTF-8"?>
<!-- Generated by org.testng.reporters.JUnitReportReporter -->
<testsuite hostname="LIMBO" failures="0" tests="1" name="basic.LaunchFirefox" time="49.202" errors="0" timestamp="2023-12-05T16:34:25 IST" skipped="0">
  <testcase classname="basic.LaunchFirefox" name="openSite" time="49.202"/>
  <system-out/>
</testsuite> <!-- basic.LaunchFirefox -->
