<?xml version="1.0" encoding="UTF-8"?>
<!-- Generated by org.testng.reporters.JUnitReportReporter -->
<testsuite hostname="LIMBO" failures="0" tests="1" name="testCases.AddCandidateTestClass" time="17.106" errors="0" timestamp="2023-11-10T19:30:28 IST" skipped="0">
  <testcase classname="testCases.AddCandidateTestClass" name="addCandidateTest" time="17.106"/>
  <system-out/>
</testsuite> <!-- testCases.AddCandidateTestClass -->
