<?xml version="1.0" encoding="UTF-8"?>
<!-- Generated by org.testng.reporters.JUnitReportReporter -->
<testsuite hostname="LIMBO" failures="0" tests="1" name="testCases.AddCompanyTestClass" time="14.187" errors="0" timestamp="2023-11-27T16:16:07 IST" skipped="0">
  <testcase classname="testCases.AddCompanyTestClass" name="addCompanyTest" time="14.187"/>
  <system-out/>
</testsuite> <!-- testCases.AddCompanyTestClass -->
