<?xml version="1.0" encoding="UTF-8"?>
<!-- Generated by org.testng.reporters.JUnitReportReporter -->
<testsuite hostname="LIMBO" failures="0" tests="2" name="com.selenium.assignment.testing.AddCandidate" time="65.834" errors="0" timestamp="2023-10-27T16:01:16 IST" skipped="0">
  <testcase classname="com.selenium.assignment.testing.AddCandidate" name="addCandidateTest_Manual" time="14.146"/>
  <system-out/>
  <testcase classname="com.selenium.assignment.testing.AddCandidate" name="addCandidateTest_Auto" time="51.688"/>
  <system-out/>
</testsuite> <!-- com.selenium.assignment.testing.AddCandidate -->
