<?xml version="1.0" encoding="UTF-8"?>
<!-- Generated by org.testng.reporters.JUnitReportReporter -->
<testsuite hostname="LIMBO" failures="0" tests="3" name="com.selenium.assignment.testing.AddCandidate" time="72.753" errors="0" timestamp="2023-10-27T02:32:24 IST" skipped="0">
  <testcase classname="com.selenium.assignment.testing.AddCandidate" name="loginTest" time="7.933"/>
  <system-out/>
  <testcase classname="com.selenium.assignment.testing.AddCandidate" name="addCandidate_Manual" time="16.496"/>
  <system-out/>
  <testcase classname="com.selenium.assignment.testing.AddCandidate" name="addCandidateTest_Auto" time="48.324"/>
  <system-out/>
</testsuite> <!-- com.selenium.assignment.testing.AddCandidate -->
