<?xml version="1.0" encoding="UTF-8"?>
<!-- Generated by org.testng.reporters.JUnitReportReporter -->
<testsuite hostname="LIMBO" failures="0" tests="2" name="com.selenium.assignment.testing.AddCandidate" time="68.479" errors="0" timestamp="2023-10-31T21:00:07 IST" skipped="0">
  <testcase classname="com.selenium.assignment.testing.AddCandidate" name="addCandidateTest_Manual" time="19.121"/>
  <system-out/>
  <testcase classname="com.selenium.assignment.testing.AddCandidate" name="addCandidateTest_Auto" time="49.358"/>
  <system-out/>
</testsuite> <!-- com.selenium.assignment.testing.AddCandidate -->
