<?xml version="1.0" encoding="UTF-8"?>
<!-- Generated by org.testng.reporters.JUnitReportReporter -->
<testsuite hostname="LIMBO" failures="0" tests="1" name="testCases.AddContactTest" time="18.838" errors="0" timestamp="2023-11-10T14:03:33 IST" skipped="0">
  <testcase classname="testCases.AddContactTest" name="addContactTest" time="18.838"/>
  <system-out/>
</testsuite> <!-- testCases.AddContactTest -->
