<?xml version="1.0" encoding="UTF-8"?>
<!-- Generated by org.testng.reporters.JUnitReportReporter -->
<testsuite hostname="LIMBO" failures="0" tests="1" name="testCases.AddJobTestClass" time="20.727" errors="0" timestamp="2023-11-27T16:16:07 IST" skipped="0">
  <testcase classname="testCases.AddJobTestClass" name="addJobTest" time="20.727"/>
  <system-out/>
</testsuite> <!-- testCases.AddJobTestClass -->
