<?xml version="1.0" encoding="UTF-8"?>
<!-- Generated by org.testng.reporters.JUnitReportReporter -->
<testsuite hostname="LIMBO" failures="0" tests="1" name="testCases.AddContactTestClass" time="26.116" errors="0" timestamp="2023-11-10T19:31:46 IST" skipped="0">
  <testcase classname="testCases.AddContactTestClass" name="addContactTest" time="26.116"/>
  <system-out/>
</testsuite> <!-- testCases.AddContactTestClass -->
