<?xml version="1.0" encoding="UTF-8"?>
<!-- Generated by org.testng.reporters.JUnitReportReporter -->
<<<<<<< HEAD
<testsuite hostname="LIMBO" failures="0" tests="2" name="com.selenium.assignment.testing.AddCandidate" time="60.839" errors="0" timestamp="2023-11-27T13:56:24 IST" skipped="0">
  <testcase classname="com.selenium.assignment.testing.AddCandidate" name="addCandidateTest_Manual" time="13.867"/>
  <system-out/>
  <testcase classname="com.selenium.assignment.testing.AddCandidate" name="addCandidateTest_Auto" time="46.972"/>
=======
<testsuite hostname="LIMBO" failures="0" tests="2" name="com.selenium.assignment.testing.AddCandidate" time="72.644" errors="0" timestamp="2023-11-01T19:56:28 IST" skipped="0">
  <testcase classname="com.selenium.assignment.testing.AddCandidate" name="addCandidateTest_Manual" time="22.420"/>
  <system-out/>
  <testcase classname="com.selenium.assignment.testing.AddCandidate" name="addCandidateTest_Auto" time="50.224"/>
>>>>>>> f3019197239f5e9ccbf4850cd67f34923df8476a
  <system-out/>
</testsuite> <!-- com.selenium.assignment.testing.AddCandidate -->
