<?xml version="1.0" encoding="UTF-8"?>
<!-- Generated by org.testng.reporters.JUnitReportReporter -->
<testsuite hostname="LIMBO" failures="0" tests="3" name="com.recruitcrm.testing.AddCandidateTesting" time="54.531" errors="0" timestamp="2023-10-24T21:18:36 IST" skipped="0">
  <testcase classname="com.recruitcrm.testing.AddCandidateTesting" name="testLogin" time="2.499"/>
  <system-out/>
  <testcase classname="com.recruitcrm.testing.AddCandidateTesting" name="addCandidateTest_1" time="25.097"/>
  <system-out/>
  <testcase classname="com.recruitcrm.testing.AddCandidateTesting" name="addCandidateTest_2" time="26.935"/>
  <system-out/>
</testsuite> <!-- com.recruitcrm.testing.AddCandidateTesting -->
