<?xml version="1.0" encoding="UTF-8"?>
<!-- Generated by org.testng.reporters.JUnitReportReporter -->
<testsuite hostname="LIMBO" failures="0" tests="2" name="com.recruitcrm.testing.AddCompanyTesting" time="19.499" errors="0" timestamp="2023-10-25T18:57:42 IST" skipped="0">
  <testcase classname="com.recruitcrm.testing.AddCompanyTesting" name="testLogin" time="2.276"/>
  <system-out/>
  <testcase classname="com.recruitcrm.testing.AddCompanyTesting" name="addCompanyTest" time="17.223"/>
  <system-out/>
</testsuite> <!-- com.recruitcrm.testing.AddCompanyTesting -->
