<?xml version="1.0" encoding="UTF-8"?>
<!-- Generated by org.testng.reporters.JUnitReportReporter -->
<testsuite hostname="LIMBO" failures="0" tests="1" name="com.recruitcrm.testing.LoginTesting" time="2.591" errors="0" timestamp="2023-10-23T23:27:40 IST" skipped="0">
  <testcase classname="com.recruitcrm.testing.LoginTesting" name="testLogin" time="2.591"/>
  <system-out/>
</testsuite> <!-- com.recruitcrm.testing.LoginTesting -->
