<?xml version="1.0" encoding="UTF-8"?>
<!-- Generated by org.testng.reporters.JUnitReportReporter -->
<testsuite hostname="LIMBO" failures="0" tests="1" name="com.selenium.assignment.testing.AddContact" time="9.381" errors="0" timestamp="2023-10-28T21:04:07 IST" skipped="0">
  <testcase classname="com.selenium.assignment.testing.AddContact" name="addContactTest" time="9.381"/>
  <system-out/>
</testsuite> <!-- com.selenium.assignment.testing.AddContact -->
