<?xml version="1.0" encoding="UTF-8"?>
<!-- Generated by org.testng.reporters.JUnitReportReporter -->
<testsuite hostname="LIMBO" failures="0" tests="1" name="com.recruitcrm.testing.Base" time="2.778" errors="0" timestamp="2023-10-23T13:11:17 IST" skipped="0">
  <testcase classname="com.recruitcrm.testing.Base" name="openBrowser" time="2.778"/>
  <system-out/>
</testsuite> <!-- com.recruitcrm.testing.Base -->
