<?xml version="1.0" encoding="UTF-8"?>
<!-- Generated by org.testng.reporters.JUnitReportReporter -->
<testsuite hostname="LIMBO" failures="0" tests="1" name="testCases.DeleteCandidateCustomFieldTest" time="81.592" errors="0" timestamp="2023-11-10T12:35:48 IST" skipped="0">
  <testcase classname="testCases.DeleteCandidateCustomFieldTest" name="deleteCandidateCustomFieldTest" time="81.592"/>
  <system-out/>
</testsuite> <!-- testCases.DeleteCandidateCustomFieldTest -->
