<?xml version="1.0" encoding="UTF-8"?>
<!-- Generated by org.testng.reporters.JUnitReportReporter -->
<testsuite hostname="LIMBO" failures="0" tests="1" name="testCases.AddCandidateTestClass" time="26.602" errors="0" timestamp="2023-11-29T13:55:50 IST" skipped="0">
  <testcase classname="testCases.AddCandidateTestClass" name="addCandidateTest" time="26.602"/>
  <system-out/>
</testsuite> <!-- testCases.AddCandidateTestClass -->
