<?xml version="1.0" encoding="UTF-8"?>
<!-- Generated by org.testng.reporters.JUnitReportReporter -->
<testsuite hostname="LIMBO" failures="0" tests="1" name="testCases.AddJobTestClass" time="22.016" errors="0" timestamp="2023-11-11T18:06:25 IST" skipped="0">
  <testcase classname="testCases.AddJobTestClass" name="addJobTest" time="22.016"/>
  <system-out/>
</testsuite> <!-- testCases.AddJobTestClass -->
