<?xml version="1.0" encoding="UTF-8"?>
<!-- Generated by org.testng.reporters.JUnitReportReporter -->
<testsuite hostname="LIMBO" failures="0" tests="1" name="testCases.LoginTest" time="5.681" errors="0" timestamp="2023-11-10T11:56:49 IST" skipped="0">
  <testcase classname="testCases.LoginTest" name="loginTest" time="5.681"/>
  <system-out/>
</testsuite> <!-- testCases.LoginTest -->
