<?xml version="1.0" encoding="UTF-8"?>
<!-- Generated by org.testng.reporters.JUnitReportReporter -->
<testsuite hostname="LIMBO" failures="0" tests="1" name="testCases.DeleteCandidateCustomFieldTestClass" time="78.674" errors="0" timestamp="2023-11-10T19:47:21 IST" skipped="0">
  <testcase classname="testCases.DeleteCandidateCustomFieldTestClass" name="deleteCandidateCustomFieldTest" time="78.674"/>
  <system-out/>
</testsuite> <!-- testCases.DeleteCandidateCustomFieldTestClass -->
