<?xml version="1.0" encoding="UTF-8"?>
<!-- Generated by org.testng.reporters.JUnitReportReporter -->
<testsuite hostname="LIMBO" failures="0" tests="1" name="testCases.AddCompanyTestClass" time="11.026" errors="0" timestamp="2023-11-10T19:30:59 IST" skipped="0">
  <testcase classname="testCases.AddCompanyTestClass" name="addCompanyTest" time="11.026"/>
  <system-out/>
</testsuite> <!-- testCases.AddCompanyTestClass -->
