<?xml version="1.0" encoding="UTF-8"?>
<!-- Generated by org.testng.reporters.JUnitReportReporter -->
<testsuite hostname="LIMBO" failures="0" tests="1" name="testCases.AddContactTestClass" time="23.734" errors="0" timestamp="2023-11-27T16:16:07 IST" skipped="0">
  <testcase classname="testCases.AddContactTestClass" name="addContactTest" time="23.734"/>
  <system-out/>
</testsuite> <!-- testCases.AddContactTestClass -->
