<?xml version="1.0" encoding="UTF-8"?>
<!-- Generated by org.testng.reporters.JUnitReportReporter -->
<testsuite hostname="LIMBO" failures="0" tests="1" name="testCases.DeleteCandidateCustomFieldTestClass" time="60.540" errors="0" timestamp="2023-12-05T17:17:19 IST" skipped="0">
  <testcase classname="testCases.DeleteCandidateCustomFieldTestClass" name="deleteCandidateCustomFieldTest" time="60.540"/>
  <system-out/>
</testsuite> <!-- testCases.DeleteCandidateCustomFieldTestClass -->
