<?xml version="1.0" encoding="UTF-8"?>
<!-- Generated by org.testng.reporters.JUnitReportReporter -->
<testsuite hostname="LIMBO" failures="0" tests="1" name="basic.LaunchEdge" time="9.201" errors="0" timestamp="2023-12-05T16:34:25 IST" skipped="0">
  <testcase classname="basic.LaunchEdge" name="openSite" time="9.201"/>
  <system-out/>
</testsuite> <!-- basic.LaunchEdge -->
