<?xml version="1.0" encoding="UTF-8"?>
<!-- Generated by org.testng.reporters.JUnitReportReporter -->
<testsuite hostname="LIMBO" failures="0" tests="2" name="com.recruitcrm.testing.AddCompanyTesting" time="26.365" errors="0" timestamp="2023-10-23T22:57:27 IST" skipped="0">
  <testcase classname="com.recruitcrm.testing.AddCompanyTesting" name="testLogin" time="2.156"/>
  <system-out/>
  <testcase classname="com.recruitcrm.testing.AddCompanyTesting" name="addCompanyTest" time="24.209"/>
  <system-out/>
</testsuite> <!-- com.recruitcrm.testing.AddCompanyTesting -->
