<?xml version="1.0" encoding="UTF-8"?>
<!-- Generated by org.testng.reporters.JUnitReportReporter -->
<testsuite hostname="LIMBO" failures="0" tests="1" name="com.selenium.assignment.testing.AddCandidate" time="15.108" errors="0" timestamp="2023-12-05T17:08:32 IST" skipped="0">
  <testcase classname="com.selenium.assignment.testing.AddCandidate" name="addCandidateTest_Manual" time="15.108"/>
  <system-out/>
</testsuite> <!-- com.selenium.assignment.testing.AddCandidate -->
