<?xml version="1.0" encoding="UTF-8"?>
<!-- Generated by org.testng.reporters.JUnitReportReporter -->
<testsuite hostname="LIMBO" failures="0" tests="1" name="com.recruitcrm.testing.AddCandidateTesting" time="26.331" errors="0" timestamp="2023-12-05T16:38:23 IST" skipped="0">
  <testcase classname="com.recruitcrm.testing.AddCandidateTesting" name="addCandidateTest_1" time="26.331"/>
  <system-out/>
</testsuite> <!-- com.recruitcrm.testing.AddCandidateTesting -->
