<?xml version="1.0" encoding="UTF-8"?>
<!-- Generated by org.testng.reporters.JUnitReportReporter -->
<testsuite hostname="LIMBO" failures="0" tests="1" name="testCases.AddCompanyTest" time="13.262" errors="0" timestamp="2023-11-10T14:02:53 IST" skipped="0">
  <testcase classname="testCases.AddCompanyTest" name="addCompanyTest" time="13.262"/>
  <system-out/>
</testsuite> <!-- testCases.AddCompanyTest -->
