<?xml version="1.0" encoding="UTF-8"?>
<!-- Generated by org.testng.reporters.JUnitReportReporter -->
<testsuite hostname="LIMBO" failures="0" tests="1" name="com.selenium.assignment.testing.Login" time="5.449" errors="0" timestamp="2023-10-27T02:22:52 IST" skipped="0">
  <testcase classname="com.selenium.assignment.testing.Login" name="loginTest" time="5.449"/>
  <system-out/>
</testsuite> <!-- com.selenium.assignment.testing.Login -->
