<?xml version="1.0" encoding="UTF-8"?>
<!-- Generated by org.testng.reporters.JUnitReportReporter -->
<testsuite hostname="LIMBO" failures="0" tests="2" name="com.recruitcrm.testing.AddCandidateTesting" time="42.999" errors="0" timestamp="2023-10-27T19:37:27 IST" skipped="0">
  <testcase classname="com.recruitcrm.testing.AddCandidateTesting" name="addCandidateTest_1" time="16.386"/>
  <system-out/>
  <testcase classname="com.recruitcrm.testing.AddCandidateTesting" name="addCandidateTest_2" time="26.613"/>
  <system-out/>
</testsuite> <!-- com.recruitcrm.testing.AddCandidateTesting -->
