<?xml version="1.0" encoding="UTF-8"?>
<testsuite xmlns:xsi="http://www.w3.org/2001/XMLSchema-instance" xsi:noNamespaceSchemaLocation="https://maven.apache.org/surefire/maven-surefire-plugin/xsd/surefire-test-report-3.0.xsd" version="3.0" name="TestSuite" time="8.089" tests="4" errors="0" skipped="0" failures="0">
  <properties>
    <property name="java.specification.version" value="17"/>
    <property name="sun.cpu.isalist" value="amd64"/>
    <property name="sun.jnu.encoding" value="Cp1252"/>
    <property name="java.class.path" value="E:\RecruitCRM\SDET-Intern-Assignments\GoRest_APIAutomationScripts\target\test-classes;E:\RecruitCRM\SDET-Intern-Assignments\GoRest_APIAutomationScripts\target\classes;C:\Users\surya\.m2\repository\org\testng\testng\7.8.0\testng-7.8.0.jar;C:\Users\surya\.m2\repository\org\slf4j\slf4j-api\1.7.36\slf4j-api-1.7.36.jar;C:\Users\surya\.m2\repository\com\beust\jcommander\1.82\jcommander-1.82.jar;C:\Users\surya\.m2\repository\org\webjars\jquery\3.6.1\jquery-3.6.1.jar;C:\Users\surya\.m2\repository\io\rest-assured\rest-assured\5.3.2\rest-assured-5.3.2.jar;C:\Users\surya\.m2\repository\org\apache\groovy\groovy\4.0.11\groovy-4.0.11.jar;C:\Users\surya\.m2\repository\org\apache\groovy\groovy-xml\4.0.11\groovy-xml-4.0.11.jar;C:\Users\surya\.m2\repository\org\apache\httpcomponents\httpclient\4.5.13\httpclient-4.5.13.jar;C:\Users\surya\.m2\repository\org\apache\httpcomponents\httpcore\4.4.13\httpcore-4.4.13.jar;C:\Users\surya\.m2\repository\commons-logging\commons-logging\1.2\commons-logging-1.2.jar;C:\Users\surya\.m2\repository\commons-codec\commons-codec\1.11\commons-codec-1.11.jar;C:\Users\surya\.m2\repository\org\apache\httpcomponents\httpmime\4.5.13\httpmime-4.5.13.jar;C:\Users\surya\.m2\repository\org\hamcrest\hamcrest\2.2\hamcrest-2.2.jar;C:\Users\surya\.m2\repository\org\ccil\cowan\tagsoup\tagsoup\1.2.1\tagsoup-1.2.1.jar;C:\Users\surya\.m2\repository\io\rest-assured\json-path\5.3.2\json-path-5.3.2.jar;C:\Users\surya\.m2\repository\org\apache\groovy\groovy-json\4.0.11\groovy-json-4.0.11.jar;C:\Users\surya\.m2\repository\io\rest-assured\rest-assured-common\5.3.2\rest-assured-common-5.3.2.jar;C:\Users\surya\.m2\repository\io\rest-assured\xml-path\5.3.2\xml-path-5.3.2.jar;C:\Users\surya\.m2\repository\org\apache\commons\commons-lang3\3.11\commons-lang3-3.11.jar;C:\Users\surya\.m2\repository\io\rest-assured\json-schema-validator\5.3.2\json-schema-validator-5.3.2.jar;C:\Users\surya\.m2\repository\com\github\java-json-tools\json-schema-validator\2.2.14\json-schema-validator-2.2.14.jar;C:\Users\surya\.m2\repository\com\github\java-json-tools\jackson-coreutils-equivalence\1.0\jackson-coreutils-equivalence-1.0.jar;C:\Users\surya\.m2\repository\com\github\java-json-tools\jackson-coreutils\2.0\jackson-coreutils-2.0.jar;C:\Users\surya\.m2\repository\com\github\java-json-tools\msg-simple\1.2\msg-simple-1.2.jar;C:\Users\surya\.m2\repository\com\github\java-json-tools\btf\1.3\btf-1.3.jar;C:\Users\surya\.m2\repository\com\github\java-json-tools\json-schema-core\1.2.14\json-schema-core-1.2.14.jar;C:\Users\surya\.m2\repository\com\github\java-json-tools\uri-template\0.10\uri-template-0.10.jar;C:\Users\surya\.m2\repository\org\mozilla\rhino\1.7.7.2\rhino-1.7.7.2.jar;C:\Users\surya\.m2\repository\com\sun\mail\mailapi\1.6.2\mailapi-1.6.2.jar;C:\Users\surya\.m2\repository\joda-time\joda-time\2.10.5\joda-time-2.10.5.jar;C:\Users\surya\.m2\repository\com\googlecode\libphonenumber\libphonenumber\8.11.1\libphonenumber-8.11.1.jar;C:\Users\surya\.m2\repository\com\google\code\findbugs\jsr305\3.0.2\jsr305-3.0.2.jar;C:\Users\surya\.m2\repository\net\sf\jopt-simple\jopt-simple\5.0.4\jopt-simple-5.0.4.jar;C:\Users\surya\.m2\repository\com\google\guava\guava\32.0.1-jre\guava-32.0.1-jre.jar;C:\Users\surya\.m2\repository\com\google\guava\failureaccess\1.0.1\failureaccess-1.0.1.jar;C:\Users\surya\.m2\repository\com\google\guava\listenablefuture\9999.0-empty-to-avoid-conflict-with-guava\listenablefuture-9999.0-empty-to-avoid-conflict-with-guava.jar;C:\Users\surya\.m2\repository\org\checkerframework\checker-qual\3.33.0\checker-qual-3.33.0.jar;C:\Users\surya\.m2\repository\com\google\errorprone\error_prone_annotations\2.18.0\error_prone_annotations-2.18.0.jar;C:\Users\surya\.m2\repository\com\google\j2objc\j2objc-annotations\2.8\j2objc-annotations-2.8.jar;C:\Users\surya\.m2\repository\io\rest-assured\spring-mock-mvc\5.3.2\spring-mock-mvc-5.3.2.jar;C:\Users\surya\.m2\repository\io\rest-assured\spring-commons\5.3.2\spring-commons-5.3.2.jar;C:\Users\surya\.m2\repository\org\springframework\spring-test\5.1.13.RELEASE\spring-test-5.1.13.RELEASE.jar;C:\Users\surya\.m2\repository\org\springframework\spring-core\5.1.13.RELEASE\spring-core-5.1.13.RELEASE.jar;C:\Users\surya\.m2\repository\org\springframework\spring-jcl\5.1.13.RELEASE\spring-jcl-5.1.13.RELEASE.jar;C:\Users\surya\.m2\repository\org\springframework\spring-webmvc\5.1.13.RELEASE\spring-webmvc-5.1.13.RELEASE.jar;C:\Users\surya\.m2\repository\org\springframework\spring-aop\5.1.13.RELEASE\spring-aop-5.1.13.RELEASE.jar;C:\Users\surya\.m2\repository\org\springframework\spring-beans\5.1.13.RELEASE\spring-beans-5.1.13.RELEASE.jar;C:\Users\surya\.m2\repository\org\springframework\spring-expression\5.1.13.RELEASE\spring-expression-5.1.13.RELEASE.jar;C:\Users\surya\.m2\repository\org\springframework\spring-web\5.1.13.RELEASE\spring-web-5.1.13.RELEASE.jar;C:\Users\surya\.m2\repository\io\rest-assured\spring-web-test-client\5.3.2\spring-web-test-client-5.3.2.jar;C:\Users\surya\.m2\repository\org\springframework\spring-context\5.1.13.RELEASE\spring-context-5.1.13.RELEASE.jar;C:\Users\surya\.m2\repository\org\synchronoss\cloud\nio-multipart-parser\1.1.0\nio-multipart-parser-1.1.0.jar;C:\Users\surya\.m2\repository\org\synchronoss\cloud\nio-stream-storage\1.1.3\nio-stream-storage-1.1.3.jar;C:\Users\surya\.m2\repository\com\fasterxml\jackson\core\jackson-databind\2.15.2\jackson-databind-2.15.2.jar;C:\Users\surya\.m2\repository\com\fasterxml\jackson\core\jackson-annotations\2.15.2\jackson-annotations-2.15.2.jar;C:\Users\surya\.m2\repository\com\fasterxml\jackson\core\jackson-core\2.15.2\jackson-core-2.15.2.jar;C:\Users\surya\.m2\repository\com\googlecode\json-simple\json-simple\1.1.1\json-simple-1.1.1.jar;C:\Users\surya\.m2\repository\junit\junit\4.10\junit-4.10.jar;C:\Users\surya\.m2\repository\org\hamcrest\hamcrest-core\1.1\hamcrest-core-1.1.jar;C:\Users\surya\.m2\repository\log4j\log4j\1.2.17\log4j-1.2.17.jar;C:\Users\surya\.m2\repository\com\github\javafaker\javafaker\1.0.2\javafaker-1.0.2.jar;C:\Users\surya\.m2\repository\org\yaml\snakeyaml\1.23\snakeyaml-1.23-android.jar;C:\Users\surya\.m2\repository\com\github\mifmif\generex\1.0.2\generex-1.0.2.jar;C:\Users\surya\.m2\repository\dk\brics\automaton\automaton\1.11-8\automaton-1.11-8.jar;"/>
    <property name="java.vm.vendor" value="Eclipse Adoptium"/>
    <property name="sun.arch.data.model" value="64"/>
    <property name="user.variant" value=""/>
    <property name="java.vendor.url" value="https://adoptium.net/"/>
    <property name="user.timezone" value="Asia/Calcutta"/>
    <property name="os.name" value="Windows 11"/>
    <property name="java.vm.specification.version" value="17"/>
    <property name="sun.java.launcher" value="SUN_STANDARD"/>
    <property name="user.country" value="IN"/>
    <property name="sun.boot.library.path" value="D:\IDEs\eclipse\plugins\org.eclipse.justj.openjdk.hotspot.jre.full.win32.x86_64_17.0.8.v20230831-1047\jre\bin"/>
    <property name="sun.java.command" value="C:\Users\surya\AppData\Local\Temp\surefire12053006601069456927\surefirebooter14951877436672472599.jar C:\Users\surya\AppData\Local\Temp\surefire12053006601069456927 2023-12-05T17-26-07_342-jvmRun1 surefire2735919961609773906tmp surefire_09378526825327064690tmp"/>
    <property name="jdk.debug" value="release"/>
    <property name="surefire.test.class.path" value="E:\RecruitCRM\SDET-Intern-Assignments\GoRest_APIAutomationScripts\target\test-classes;E:\RecruitCRM\SDET-Intern-Assignments\GoRest_APIAutomationScripts\target\classes;C:\Users\surya\.m2\repository\org\testng\testng\7.8.0\testng-7.8.0.jar;C:\Users\surya\.m2\repository\org\slf4j\slf4j-api\1.7.36\slf4j-api-1.7.36.jar;C:\Users\surya\.m2\repository\com\beust\jcommander\1.82\jcommander-1.82.jar;C:\Users\surya\.m2\repository\org\webjars\jquery\3.6.1\jquery-3.6.1.jar;C:\Users\surya\.m2\repository\io\rest-assured\rest-assured\5.3.2\rest-assured-5.3.2.jar;C:\Users\surya\.m2\repository\org\apache\groovy\groovy\4.0.11\groovy-4.0.11.jar;C:\Users\surya\.m2\repository\org\apache\groovy\groovy-xml\4.0.11\groovy-xml-4.0.11.jar;C:\Users\surya\.m2\repository\org\apache\httpcomponents\httpclient\4.5.13\httpclient-4.5.13.jar;C:\Users\surya\.m2\repository\org\apache\httpcomponents\httpcore\4.4.13\httpcore-4.4.13.jar;C:\Users\surya\.m2\repository\commons-logging\commons-logging\1.2\commons-logging-1.2.jar;C:\Users\surya\.m2\repository\commons-codec\commons-codec\1.11\commons-codec-1.11.jar;C:\Users\surya\.m2\repository\org\apache\httpcomponents\httpmime\4.5.13\httpmime-4.5.13.jar;C:\Users\surya\.m2\repository\org\hamcrest\hamcrest\2.2\hamcrest-2.2.jar;C:\Users\surya\.m2\repository\org\ccil\cowan\tagsoup\tagsoup\1.2.1\tagsoup-1.2.1.jar;C:\Users\surya\.m2\repository\io\rest-assured\json-path\5.3.2\json-path-5.3.2.jar;C:\Users\surya\.m2\repository\org\apache\groovy\groovy-json\4.0.11\groovy-json-4.0.11.jar;C:\Users\surya\.m2\repository\io\rest-assured\rest-assured-common\5.3.2\rest-assured-common-5.3.2.jar;C:\Users\surya\.m2\repository\io\rest-assured\xml-path\5.3.2\xml-path-5.3.2.jar;C:\Users\surya\.m2\repository\org\apache\commons\commons-lang3\3.11\commons-lang3-3.11.jar;C:\Users\surya\.m2\repository\io\rest-assured\json-schema-validator\5.3.2\json-schema-validator-5.3.2.jar;C:\Users\surya\.m2\repository\com\github\java-json-tools\json-schema-validator\2.2.14\json-schema-validator-2.2.14.jar;C:\Users\surya\.m2\repository\com\github\java-json-tools\jackson-coreutils-equivalence\1.0\jackson-coreutils-equivalence-1.0.jar;C:\Users\surya\.m2\repository\com\github\java-json-tools\jackson-coreutils\2.0\jackson-coreutils-2.0.jar;C:\Users\surya\.m2\repository\com\github\java-json-tools\msg-simple\1.2\msg-simple-1.2.jar;C:\Users\surya\.m2\repository\com\github\java-json-tools\btf\1.3\btf-1.3.jar;C:\Users\surya\.m2\repository\com\github\java-json-tools\json-schema-core\1.2.14\json-schema-core-1.2.14.jar;C:\Users\surya\.m2\repository\com\github\java-json-tools\uri-template\0.10\uri-template-0.10.jar;C:\Users\surya\.m2\repository\org\mozilla\rhino\1.7.7.2\rhino-1.7.7.2.jar;C:\Users\surya\.m2\repository\com\sun\mail\mailapi\1.6.2\mailapi-1.6.2.jar;C:\Users\surya\.m2\repository\joda-time\joda-time\2.10.5\joda-time-2.10.5.jar;C:\Users\surya\.m2\repository\com\googlecode\libphonenumber\libphonenumber\8.11.1\libphonenumber-8.11.1.jar;C:\Users\surya\.m2\repository\com\google\code\findbugs\jsr305\3.0.2\jsr305-3.0.2.jar;C:\Users\surya\.m2\repository\net\sf\jopt-simple\jopt-simple\5.0.4\jopt-simple-5.0.4.jar;C:\Users\surya\.m2\repository\com\google\guava\guava\32.0.1-jre\guava-32.0.1-jre.jar;C:\Users\surya\.m2\repository\com\google\guava\failureaccess\1.0.1\failureaccess-1.0.1.jar;C:\Users\surya\.m2\repository\com\google\guava\listenablefuture\9999.0-empty-to-avoid-conflict-with-guava\listenablefuture-9999.0-empty-to-avoid-conflict-with-guava.jar;C:\Users\surya\.m2\repository\org\checkerframework\checker-qual\3.33.0\checker-qual-3.33.0.jar;C:\Users\surya\.m2\repository\com\google\errorprone\error_prone_annotations\2.18.0\error_prone_annotations-2.18.0.jar;C:\Users\surya\.m2\repository\com\google\j2objc\j2objc-annotations\2.8\j2objc-annotations-2.8.jar;C:\Users\surya\.m2\repository\io\rest-assured\spring-mock-mvc\5.3.2\spring-mock-mvc-5.3.2.jar;C:\Users\surya\.m2\repository\io\rest-assured\spring-commons\5.3.2\spring-commons-5.3.2.jar;C:\Users\surya\.m2\repository\org\springframework\spring-test\5.1.13.RELEASE\spring-test-5.1.13.RELEASE.jar;C:\Users\surya\.m2\repository\org\springframework\spring-core\5.1.13.RELEASE\spring-core-5.1.13.RELEASE.jar;C:\Users\surya\.m2\repository\org\springframework\spring-jcl\5.1.13.RELEASE\spring-jcl-5.1.13.RELEASE.jar;C:\Users\surya\.m2\repository\org\springframework\spring-webmvc\5.1.13.RELEASE\spring-webmvc-5.1.13.RELEASE.jar;C:\Users\surya\.m2\repository\org\springframework\spring-aop\5.1.13.RELEASE\spring-aop-5.1.13.RELEASE.jar;C:\Users\surya\.m2\repository\org\springframework\spring-beans\5.1.13.RELEASE\spring-beans-5.1.13.RELEASE.jar;C:\Users\surya\.m2\repository\org\springframework\spring-expression\5.1.13.RELEASE\spring-expression-5.1.13.RELEASE.jar;C:\Users\surya\.m2\repository\org\springframework\spring-web\5.1.13.RELEASE\spring-web-5.1.13.RELEASE.jar;C:\Users\surya\.m2\repository\io\rest-assured\spring-web-test-client\5.3.2\spring-web-test-client-5.3.2.jar;C:\Users\surya\.m2\repository\org\springframework\spring-context\5.1.13.RELEASE\spring-context-5.1.13.RELEASE.jar;C:\Users\surya\.m2\repository\org\synchronoss\cloud\nio-multipart-parser\1.1.0\nio-multipart-parser-1.1.0.jar;C:\Users\surya\.m2\repository\org\synchronoss\cloud\nio-stream-storage\1.1.3\nio-stream-storage-1.1.3.jar;C:\Users\surya\.m2\repository\com\fasterxml\jackson\core\jackson-databind\2.15.2\jackson-databind-2.15.2.jar;C:\Users\surya\.m2\repository\com\fasterxml\jackson\core\jackson-annotations\2.15.2\jackson-annotations-2.15.2.jar;C:\Users\surya\.m2\repository\com\fasterxml\jackson\core\jackson-core\2.15.2\jackson-core-2.15.2.jar;C:\Users\surya\.m2\repository\com\googlecode\json-simple\json-simple\1.1.1\json-simple-1.1.1.jar;C:\Users\surya\.m2\repository\junit\junit\4.10\junit-4.10.jar;C:\Users\surya\.m2\repository\org\hamcrest\hamcrest-core\1.1\hamcrest-core-1.1.jar;C:\Users\surya\.m2\repository\log4j\log4j\1.2.17\log4j-1.2.17.jar;C:\Users\surya\.m2\repository\com\github\javafaker\javafaker\1.0.2\javafaker-1.0.2.jar;C:\Users\surya\.m2\repository\org\yaml\snakeyaml\1.23\snakeyaml-1.23-android.jar;C:\Users\surya\.m2\repository\com\github\mifmif\generex\1.0.2\generex-1.0.2.jar;C:\Users\surya\.m2\repository\dk\brics\automaton\automaton\1.11-8\automaton-1.11-8.jar;"/>
    <property name="sun.cpu.endian" value="little"/>
    <property name="user.home" value="C:\Users\surya"/>
    <property name="user.language" value="en"/>
    <property name="java.specification.vendor" value="Oracle Corporation"/>
    <property name="java.version.date" value="2023-08-24"/>
    <property name="java.home" value="D:\IDEs\eclipse\plugins\org.eclipse.justj.openjdk.hotspot.jre.full.win32.x86_64_17.0.8.v20230831-1047\jre"/>
    <property name="file.separator" value="\"/>
    <property name="style.color" value="always"/>
    <property name="basedir" value="E:\RecruitCRM\SDET-Intern-Assignments\GoRest_APIAutomationScripts"/>
    <property name="java.vm.compressedOopsMode" value="32-bit"/>
    <property name="line.separator" value="&#10;"/>
    <property name="java.vm.specification.vendor" value="Oracle Corporation"/>
    <property name="java.specification.name" value="Java Platform API Specification"/>
    <property name="surefire.real.class.path" value="C:\Users\surya\AppData\Local\Temp\surefire12053006601069456927\surefirebooter14951877436672472599.jar"/>
    <property name="user.script" value=""/>
    <property name="sun.management.compiler" value="HotSpot 64-Bit Tiered Compilers"/>
    <property name="java.runtime.version" value="17.0.8.1+1"/>
    <property name="user.name" value="surya"/>
    <property name="path.separator" value=";"/>
    <property name="os.version" value="10.0"/>
    <property name="java.runtime.name" value="OpenJDK Runtime Environment"/>
    <property name="file.encoding" value="Cp1252"/>
    <property name="java.vm.name" value="OpenJDK 64-Bit Server VM"/>
    <property name="java.vendor.version" value="Temurin-17.0.8.1+1"/>
    <property name="localRepository" value="C:\Users\surya\.m2\repository"/>
    <property name="java.vendor.url.bug" value="https://github.com/adoptium/adoptium-support/issues"/>
    <property name="java.io.tmpdir" value="C:\Users\surya\AppData\Local\Temp\"/>
    <property name="java.version" value="17.0.8.1"/>
    <property name="user.dir" value="E:\RecruitCRM\SDET-Intern-Assignments\GoRest_APIAutomationScripts"/>
    <property name="os.arch" value="amd64"/>
    <property name="java.vm.specification.name" value="Java Virtual Machine Specification"/>
    <property name="sun.os.patch.level" value=""/>
    <property name="native.encoding" value="Cp1252"/>
    <property name="java.library.path" value="D:\IDEs\eclipse\plugins\org.eclipse.justj.openjdk.hotspot.jre.full.win32.x86_64_17.0.8.v20230831-1047\jre\bin;C:\Windows\Sun\Java\bin;C:\Windows\system32;C:\Windows;D:/IDEs/eclipse//plugins/org.eclipse.justj.openjdk.hotspot.jre.full.win32.x86_64_17.0.8.v20230831-1047/jre/bin/server;D:/IDEs/eclipse//plugins/org.eclipse.justj.openjdk.hotspot.jre.full.win32.x86_64_17.0.8.v20230831-1047/jre/bin;C:\Program Files\Common Files\Oracle\Java\javapath;C:\Windows\system32;C:\Windows;C:\Windows\System32\Wbem;C:\Windows\System32\WindowsPowerShell\v1.0\;C:\Windows\System32\OpenSSH\;C:\Program Files (x86)\NVIDIA Corporation\PhysX\Common;C:\Program Files\Git\cmd;C:\Users\surya\AppData\Local\Microsoft\WindowsApps;D:\IDEs\Microsoft VS Code\bin;D:\apache-maven-3.9.5\bin;;D:\IDEs\eclipse;;."/>
    <property name="java.vm.info" value="mixed mode"/>
    <property name="java.vendor" value="Eclipse Adoptium"/>
    <property name="java.vm.version" value="17.0.8.1+1"/>
    <property name="sun.io.unicode.encoding" value="UnicodeLittle"/>
    <property name="java.class.version" value="61.0"/>
  </properties>
  <testcase name="createUserTest_1" classname="userModel.createUser.CreateUserTestClass" time="2.925">
    <system-out><![CDATA[2023-12-05 17:26:08,842 INFO  - \\\\\\\\\\\\\\\\\\\\\\\\\\\\\\\\\\\\\\\\\\\\\\\\\\\\\\\\
2023-12-05 17:26:08,843 INFO  - -------------------------------------- START TEST CASE : Create User Test : 1--------------------------------------
2023-12-05 17:26:08,843 INFO  - ****************************************************************************************************************
2023-12-05 17:26:08,881 INFO  - Initiate : Creating Request Body...
2023-12-05 17:26:09,027 INFO  - name = Dwana Welch V
2023-12-05 17:26:09,032 INFO  - gender = Male
2023-12-05 17:26:09,059 INFO  - email = irmgard.abbott@gmail.com
2023-12-05 17:26:09,059 INFO  - status = active
2023-12-05 17:26:09,059 INFO  - Successfull : Created Request Body
2023-12-05 17:26:09,059 INFO  - Initiate : Converting Request Body to a String Sequence...
2023-12-05 17:26:09,123 INFO  - Successfull : Converted Request Body to a String Sequence
2023-12-05 17:26:09,123 INFO  - Initiate : Generating URI
2023-12-05 17:26:09,131 INFO  - Successfull : Generated URI = https://gorest.co.in/public/v2/users
2023-12-05 17:26:09,131 INFO  - Initiate : Adding Headers to the Request Body...
2023-12-05 17:26:09,585 INFO  - Adding Header : Content Type
2023-12-05 17:26:09,661 INFO  - Added Header
2023-12-05 17:26:09,661 INFO  - Adding Header : Bearer Token
2023-12-05 17:26:09,665 INFO  - Added Header
2023-12-05 17:26:09,665 INFO  - Successfull : Added Headers to the Request Body
2023-12-05 17:26:09,665 INFO  - Initiate : Sending the Request and Fetching the Response...
2023-12-05 17:26:11,684 INFO  - Successfull : Request Sended and Response Fetched
2023-12-05 17:26:11,720 INFO  - id : 5813661
2023-12-05 17:26:11,730 INFO  - name : Dwana Welch V
2023-12-05 17:26:11,730 INFO  - email : irmgard.abbott@gmail.com
2023-12-05 17:26:11,731 INFO  - gender : male
2023-12-05 17:26:11,731 INFO  - status : active
2023-12-05 17:26:11,731 INFO  - ****************************************************************************************************************
2023-12-05 17:26:11,731 INFO  - ---------------------------------------------- ++++END TEST CASE++++ ----------------------------------------------
2023-12-05 17:26:11,731 INFO  - ////////////////////////////////////////////////////////////////////////////////////////////////////////////////
]]></system-out>
    <system-err><![CDATA[SLF4J: Failed to load class "org.slf4j.impl.StaticLoggerBinder".
SLF4J: Defaulting to no-operation (NOP) logger implementation
SLF4J: See http://www.slf4j.org/codes.html#StaticLoggerBinder for further details.
]]></system-err>
  </testcase>
  <testcase name="getUserTest_1" classname="userModel.getUser.GetUserTestClass" time="1.689">
    <system-out><![CDATA[2023-12-05 17:26:11,741 INFO  - \\\\\\\\\\\\\\\\\\\\\\\\\\\\\\\\\\\\\\\\\\\\\\\\\\\\\\\\
2023-12-05 17:26:11,741 INFO  - -------------------------------------- START TEST CASE : 'Get User' Test Case - 1--------------------------------------
2023-12-05 17:26:11,741 INFO  - ****************************************************************************************************************
2023-12-05 17:26:11,741 INFO  - Initiate : Generating URI
2023-12-05 17:26:11,741 INFO  - Successfull : Generated URI = https://gorest.co.in/public/v2/users/5809217
2023-12-05 17:26:11,741 INFO  - Initiate : Adding Headers to the Request Body...
2023-12-05 17:26:11,741 INFO  - Adding Header : Content Type
2023-12-05 17:26:11,742 INFO  - Added Header
2023-12-05 17:26:11,742 INFO  - Adding Header : Bearer Token
2023-12-05 17:26:11,742 INFO  - Added Header
2023-12-05 17:26:11,742 INFO  - Successfull : Added Headers to the Request Body
2023-12-05 17:26:11,742 INFO  - Initiate : Sending the Request and Fetching the Response...
2023-12-05 17:26:13,421 INFO  - Successfull : Request Sended and Response Fetched
2023-12-05 17:26:13,422 INFO  - id : 5809217
2023-12-05 17:26:13,422 INFO  - name : Sunday Windler
2023-12-05 17:26:13,422 INFO  - email : anh.shields@gmail.com
2023-12-05 17:26:13,422 INFO  - gender : male
2023-12-05 17:26:13,422 INFO  - status : inactive
2023-12-05 17:26:13,422 INFO  - ****************************************************************************************************************
2023-12-05 17:26:13,422 INFO  - ---------------------------------------------- ++++END TEST CASE++++ ----------------------------------------------
2023-12-05 17:26:13,422 INFO  - ////////////////////////////////////////////////////////////////////////////////////////////////////////////////
]]></system-out>
  </testcase>
  <testcase name="updateUserTest_1" classname="userModel.updateUser.UpdateUserTestClass" time="1.072">
    <system-out><![CDATA[2023-12-05 17:26:13,425 INFO  - \\\\\\\\\\\\\\\\\\\\\\\\\\\\\\\\\\\\\\\\\\\\\\\\\\\\\\\\
2023-12-05 17:26:13,425 INFO  - -------------------------------------- START TEST CASE : 'Update User' Test Case - 1--------------------------------------
2023-12-05 17:26:13,425 INFO  - ****************************************************************************************************************
2023-12-05 17:26:13,425 INFO  - Initiate : Creating Request Body...
2023-12-05 17:26:13,448 INFO  - name = Tyson Zulauf II
2023-12-05 17:26:13,450 INFO  - gender = Male
2023-12-05 17:26:13,456 INFO  - email = reinaldo.quigley@hotmail.com
2023-12-05 17:26:13,457 INFO  - status = inactive
2023-12-05 17:26:13,457 INFO  - Successfull : Created Request Body
2023-12-05 17:26:13,457 INFO  - Initiate : Converting Request Body to a String Sequence...
2023-12-05 17:26:13,458 INFO  - Successfull : Converted Request Body to a String Sequence
2023-12-05 17:26:13,458 INFO  - Initiate : Generating URI
2023-12-05 17:26:13,458 INFO  - Successfull : Generated URI = https://gorest.co.in/public/v2/users/5809217
2023-12-05 17:26:13,459 INFO  - Initiate : Adding Headers to the Request Body...
2023-12-05 17:26:13,459 INFO  - Adding Header : Content Type
2023-12-05 17:26:13,460 INFO  - Added Header
2023-12-05 17:26:13,460 INFO  - Adding Header : Bearer Token
2023-12-05 17:26:13,464 INFO  - Added Header
2023-12-05 17:26:13,464 INFO  - Successfull : Added Headers to the Request Body
2023-12-05 17:26:13,464 INFO  - Initiate : Sending the Request and Fetching the Response...
2023-12-05 17:26:14,493 INFO  - Successfull : Request Sended and Response Fetched
2023-12-05 17:26:14,494 INFO  - id : 5809217
2023-12-05 17:26:14,494 INFO  - name : Tyson Zulauf II
2023-12-05 17:26:14,494 INFO  - email : reinaldo.quigley@hotmail.com
2023-12-05 17:26:14,494 INFO  - gender : male
2023-12-05 17:26:14,494 INFO  - status : inactive
2023-12-05 17:26:14,495 INFO  - ****************************************************************************************************************
2023-12-05 17:26:14,495 INFO  - ---------------------------------------------- ++++END TEST CASE++++ ----------------------------------------------
2023-12-05 17:26:14,495 INFO  - ////////////////////////////////////////////////////////////////////////////////////////////////////////////////
]]></system-out>
  </testcase>
  <testcase name="deleteUserTestCase_1[org.testng.TestRunner@397f925e](1)" classname="userModel.deleteUser.DeleteUserTestClass" time="1.612">
    <system-out><![CDATA[2023-12-05 17:26:14,499 INFO  - \\\\\\\\\\\\\\\\\\\\\\\\\\\\\\\\\\\\\\\\\\\\\\\\\\\\\\\\
2023-12-05 17:26:14,499 INFO  - -------------------------------------- START TEST CASE : Delete User Test Case : One--------------------------------------
2023-12-05 17:26:14,499 INFO  - ****************************************************************************************************************
2023-12-05 17:26:14,499 INFO  - Initiate : Generating URI
2023-12-05 17:26:14,499 INFO  - Successfull : Generated URI = https://gorest.co.in/public/v2/users/5813661
2023-12-05 17:26:14,499 INFO  - Initiate : Adding Headers to the Request Body...
2023-12-05 17:26:14,500 INFO  - Adding Header : Content Type
2023-12-05 17:26:14,500 INFO  - Added Header
2023-12-05 17:26:14,500 INFO  - Adding Header : Bearer Token
2023-12-05 17:26:14,500 INFO  - Added Header
2023-12-05 17:26:14,501 INFO  - Successfull : Added Headers to the Request Body
2023-12-05 17:26:14,501 INFO  - Initiate : Sending the Request and Fetching the Response...
2023-12-05 17:26:16,107 INFO  - Successfull : Request Sended and Response Fetched
2023-12-05 17:26:16,107 INFO  - ****************************************************************************************************************
2023-12-05 17:26:16,107 INFO  - ---------------------------------------------- ++++END TEST CASE++++ ----------------------------------------------
2023-12-05 17:26:16,107 INFO  - ////////////////////////////////////////////////////////////////////////////////////////////////////////////////
]]></system-out>
  </testcase>
</testsuite>