<?xml version="1.0" encoding="UTF-8"?>
<testsuite xmlns:xsi="http://www.w3.org/2001/XMLSchema-instance" xsi:noNamespaceSchemaLocation="https://maven.apache.org/surefire/maven-surefire-plugin/xsd/surefire-test-report-3.0.xsd" version="3.0" name="TestSuite" time="7.22" tests="4" errors="0" skipped="0" failures="0">
  <properties>
    <property name="java.specification.version" value="17"/>
    <property name="sun.cpu.isalist" value="amd64"/>
    <property name="sun.jnu.encoding" value="Cp1252"/>
    <property name="java.class.path" value="E:\RecruitCRM\SDET-Intern-Assignments\GoRest_APIAutomationScripts\target\test-classes;E:\RecruitCRM\SDET-Intern-Assignments\GoRest_APIAutomationScripts\target\classes;C:\Users\surya\.m2\repository\org\testng\testng\7.8.0\testng-7.8.0.jar;C:\Users\surya\.m2\repository\org\slf4j\slf4j-api\1.7.36\slf4j-api-1.7.36.jar;C:\Users\surya\.m2\repository\com\beust\jcommander\1.82\jcommander-1.82.jar;C:\Users\surya\.m2\repository\org\webjars\jquery\3.6.1\jquery-3.6.1.jar;C:\Users\surya\.m2\repository\io\rest-assured\rest-assured\5.3.2\rest-assured-5.3.2.jar;C:\Users\surya\.m2\repository\org\apache\groovy\groovy\4.0.11\groovy-4.0.11.jar;C:\Users\surya\.m2\repository\org\apache\groovy\groovy-xml\4.0.11\groovy-xml-4.0.11.jar;C:\Users\surya\.m2\repository\org\apache\httpcomponents\httpclient\4.5.13\httpclient-4.5.13.jar;C:\Users\surya\.m2\repository\org\apache\httpcomponents\httpcore\4.4.13\httpcore-4.4.13.jar;C:\Users\surya\.m2\repository\commons-logging\commons-logging\1.2\commons-logging-1.2.jar;C:\Users\surya\.m2\repository\commons-codec\commons-codec\1.11\commons-codec-1.11.jar;C:\Users\surya\.m2\repository\org\apache\httpcomponents\httpmime\4.5.13\httpmime-4.5.13.jar;C:\Users\surya\.m2\repository\org\hamcrest\hamcrest\2.2\hamcrest-2.2.jar;C:\Users\surya\.m2\repository\org\ccil\cowan\tagsoup\tagsoup\1.2.1\tagsoup-1.2.1.jar;C:\Users\surya\.m2\repository\io\rest-assured\json-path\5.3.2\json-path-5.3.2.jar;C:\Users\surya\.m2\repository\org\apache\groovy\groovy-json\4.0.11\groovy-json-4.0.11.jar;C:\Users\surya\.m2\repository\io\rest-assured\rest-assured-common\5.3.2\rest-assured-common-5.3.2.jar;C:\Users\surya\.m2\repository\io\rest-assured\xml-path\5.3.2\xml-path-5.3.2.jar;C:\Users\surya\.m2\repository\org\apache\commons\commons-lang3\3.11\commons-lang3-3.11.jar;C:\Users\surya\.m2\repository\io\rest-assured\json-schema-validator\5.3.2\json-schema-validator-5.3.2.jar;C:\Users\surya\.m2\repository\com\github\java-json-tools\json-schema-validator\2.2.14\json-schema-validator-2.2.14.jar;C:\Users\surya\.m2\repository\com\github\java-json-tools\jackson-coreutils-equivalence\1.0\jackson-coreutils-equivalence-1.0.jar;C:\Users\surya\.m2\repository\com\github\java-json-tools\jackson-coreutils\2.0\jackson-coreutils-2.0.jar;C:\Users\surya\.m2\repository\com\github\java-json-tools\msg-simple\1.2\msg-simple-1.2.jar;C:\Users\surya\.m2\repository\com\github\java-json-tools\btf\1.3\btf-1.3.jar;C:\Users\surya\.m2\repository\com\github\java-json-tools\json-schema-core\1.2.14\json-schema-core-1.2.14.jar;C:\Users\surya\.m2\repository\com\github\java-json-tools\uri-template\0.10\uri-template-0.10.jar;C:\Users\surya\.m2\repository\org\mozilla\rhino\1.7.7.2\rhino-1.7.7.2.jar;C:\Users\surya\.m2\repository\com\sun\mail\mailapi\1.6.2\mailapi-1.6.2.jar;C:\Users\surya\.m2\repository\joda-time\joda-time\2.10.5\joda-time-2.10.5.jar;C:\Users\surya\.m2\repository\com\googlecode\libphonenumber\libphonenumber\8.11.1\libphonenumber-8.11.1.jar;C:\Users\surya\.m2\repository\com\google\code\findbugs\jsr305\3.0.2\jsr305-3.0.2.jar;C:\Users\surya\.m2\repository\net\sf\jopt-simple\jopt-simple\5.0.4\jopt-simple-5.0.4.jar;C:\Users\surya\.m2\repository\com\google\guava\guava\32.0.1-jre\guava-32.0.1-jre.jar;C:\Users\surya\.m2\repository\com\google\guava\failureaccess\1.0.1\failureaccess-1.0.1.jar;C:\Users\surya\.m2\repository\com\google\guava\listenablefuture\9999.0-empty-to-avoid-conflict-with-guava\listenablefuture-9999.0-empty-to-avoid-conflict-with-guava.jar;C:\Users\surya\.m2\repository\org\checkerframework\checker-qual\3.33.0\checker-qual-3.33.0.jar;C:\Users\surya\.m2\repository\com\google\errorprone\error_prone_annotations\2.18.0\error_prone_annotations-2.18.0.jar;C:\Users\surya\.m2\repository\com\google\j2objc\j2objc-annotations\2.8\j2objc-annotations-2.8.jar;C:\Users\surya\.m2\repository\io\rest-assured\spring-mock-mvc\5.3.2\spring-mock-mvc-5.3.2.jar;C:\Users\surya\.m2\repository\io\rest-assured\spring-commons\5.3.2\spring-commons-5.3.2.jar;C:\Users\surya\.m2\repository\org\springframework\spring-test\5.1.13.RELEASE\spring-test-5.1.13.RELEASE.jar;C:\Users\surya\.m2\repository\org\springframework\spring-core\5.1.13.RELEASE\spring-core-5.1.13.RELEASE.jar;C:\Users\surya\.m2\repository\org\springframework\spring-jcl\5.1.13.RELEASE\spring-jcl-5.1.13.RELEASE.jar;C:\Users\surya\.m2\repository\org\springframework\spring-webmvc\5.1.13.RELEASE\spring-webmvc-5.1.13.RELEASE.jar;C:\Users\surya\.m2\repository\org\springframework\spring-aop\5.1.13.RELEASE\spring-aop-5.1.13.RELEASE.jar;C:\Users\surya\.m2\repository\org\springframework\spring-beans\5.1.13.RELEASE\spring-beans-5.1.13.RELEASE.jar;C:\Users\surya\.m2\repository\org\springframework\spring-expression\5.1.13.RELEASE\spring-expression-5.1.13.RELEASE.jar;C:\Users\surya\.m2\repository\org\springframework\spring-web\5.1.13.RELEASE\spring-web-5.1.13.RELEASE.jar;C:\Users\surya\.m2\repository\io\rest-assured\spring-web-test-client\5.3.2\spring-web-test-client-5.3.2.jar;C:\Users\surya\.m2\repository\org\springframework\spring-context\5.1.13.RELEASE\spring-context-5.1.13.RELEASE.jar;C:\Users\surya\.m2\repository\org\synchronoss\cloud\nio-multipart-parser\1.1.0\nio-multipart-parser-1.1.0.jar;C:\Users\surya\.m2\repository\org\synchronoss\cloud\nio-stream-storage\1.1.3\nio-stream-storage-1.1.3.jar;C:\Users\surya\.m2\repository\com\fasterxml\jackson\core\jackson-databind\2.15.2\jackson-databind-2.15.2.jar;C:\Users\surya\.m2\repository\com\fasterxml\jackson\core\jackson-annotations\2.15.2\jackson-annotations-2.15.2.jar;C:\Users\surya\.m2\repository\com\fasterxml\jackson\core\jackson-core\2.15.2\jackson-core-2.15.2.jar;C:\Users\surya\.m2\repository\com\googlecode\json-simple\json-simple\1.1.1\json-simple-1.1.1.jar;C:\Users\surya\.m2\repository\junit\junit\4.10\junit-4.10.jar;C:\Users\surya\.m2\repository\org\hamcrest\hamcrest-core\1.1\hamcrest-core-1.1.jar;C:\Users\surya\.m2\repository\log4j\log4j\1.2.17\log4j-1.2.17.jar;C:\Users\surya\.m2\repository\com\github\javafaker\javafaker\1.0.2\javafaker-1.0.2.jar;C:\Users\surya\.m2\repository\org\yaml\snakeyaml\1.23\snakeyaml-1.23-android.jar;C:\Users\surya\.m2\repository\com\github\mifmif\generex\1.0.2\generex-1.0.2.jar;C:\Users\surya\.m2\repository\dk\brics\automaton\automaton\1.11-8\automaton-1.11-8.jar;C:\Users\surya\.m2\repository\com\aventstack\extentreports\5.1.1\extentreports-5.1.1.jar;C:\Users\surya\.m2\repository\io\reactivex\rxjava3\rxjava\3.1.6\rxjava-3.1.6.jar;C:\Users\surya\.m2\repository\org\reactivestreams\reactive-streams\1.0.4\reactive-streams-1.0.4.jar;C:\Users\surya\.m2\repository\org\freemarker\freemarker\2.3.32\freemarker-2.3.32.jar;C:\Users\surya\.m2\repository\org\projectlombok\lombok\1.18.26\lombok-1.18.26.jar;C:\Users\surya\.m2\repository\com\google\code\gson\gson\2.10.1\gson-2.10.1.jar;"/>
    <property name="java.vm.vendor" value="Oracle Corporation"/>
    <property name="sun.arch.data.model" value="64"/>
    <property name="user.variant" value=""/>
    <property name="java.vendor.url" value="https://java.oracle.com/"/>
    <property name="user.timezone" value="Asia/Calcutta"/>
    <property name="os.name" value="Windows 11"/>
    <property name="java.vm.specification.version" value="17"/>
    <property name="sun.java.launcher" value="SUN_STANDARD"/>
    <property name="user.country" value="IN"/>
    <property name="sun.boot.library.path" value="D:\JDKs\JDK 17\bin"/>
    <property name="sun.java.command" value="C:\Users\surya\AppData\Local\Temp\surefire15172801603512692214\surefirebooter12097613437190667748.jar C:\Users\surya\AppData\Local\Temp\surefire15172801603512692214 2023-12-18T10-56-15_621-jvmRun1 surefire6697990731034578048tmp surefire_013869670896387879482tmp"/>
    <property name="jdk.debug" value="release"/>
    <property name="surefire.test.class.path" value="E:\RecruitCRM\SDET-Intern-Assignments\GoRest_APIAutomationScripts\target\test-classes;E:\RecruitCRM\SDET-Intern-Assignments\GoRest_APIAutomationScripts\target\classes;C:\Users\surya\.m2\repository\org\testng\testng\7.8.0\testng-7.8.0.jar;C:\Users\surya\.m2\repository\org\slf4j\slf4j-api\1.7.36\slf4j-api-1.7.36.jar;C:\Users\surya\.m2\repository\com\beust\jcommander\1.82\jcommander-1.82.jar;C:\Users\surya\.m2\repository\org\webjars\jquery\3.6.1\jquery-3.6.1.jar;C:\Users\surya\.m2\repository\io\rest-assured\rest-assured\5.3.2\rest-assured-5.3.2.jar;C:\Users\surya\.m2\repository\org\apache\groovy\groovy\4.0.11\groovy-4.0.11.jar;C:\Users\surya\.m2\repository\org\apache\groovy\groovy-xml\4.0.11\groovy-xml-4.0.11.jar;C:\Users\surya\.m2\repository\org\apache\httpcomponents\httpclient\4.5.13\httpclient-4.5.13.jar;C:\Users\surya\.m2\repository\org\apache\httpcomponents\httpcore\4.4.13\httpcore-4.4.13.jar;C:\Users\surya\.m2\repository\commons-logging\commons-logging\1.2\commons-logging-1.2.jar;C:\Users\surya\.m2\repository\commons-codec\commons-codec\1.11\commons-codec-1.11.jar;C:\Users\surya\.m2\repository\org\apache\httpcomponents\httpmime\4.5.13\httpmime-4.5.13.jar;C:\Users\surya\.m2\repository\org\hamcrest\hamcrest\2.2\hamcrest-2.2.jar;C:\Users\surya\.m2\repository\org\ccil\cowan\tagsoup\tagsoup\1.2.1\tagsoup-1.2.1.jar;C:\Users\surya\.m2\repository\io\rest-assured\json-path\5.3.2\json-path-5.3.2.jar;C:\Users\surya\.m2\repository\org\apache\groovy\groovy-json\4.0.11\groovy-json-4.0.11.jar;C:\Users\surya\.m2\repository\io\rest-assured\rest-assured-common\5.3.2\rest-assured-common-5.3.2.jar;C:\Users\surya\.m2\repository\io\rest-assured\xml-path\5.3.2\xml-path-5.3.2.jar;C:\Users\surya\.m2\repository\org\apache\commons\commons-lang3\3.11\commons-lang3-3.11.jar;C:\Users\surya\.m2\repository\io\rest-assured\json-schema-validator\5.3.2\json-schema-validator-5.3.2.jar;C:\Users\surya\.m2\repository\com\github\java-json-tools\json-schema-validator\2.2.14\json-schema-validator-2.2.14.jar;C:\Users\surya\.m2\repository\com\github\java-json-tools\jackson-coreutils-equivalence\1.0\jackson-coreutils-equivalence-1.0.jar;C:\Users\surya\.m2\repository\com\github\java-json-tools\jackson-coreutils\2.0\jackson-coreutils-2.0.jar;C:\Users\surya\.m2\repository\com\github\java-json-tools\msg-simple\1.2\msg-simple-1.2.jar;C:\Users\surya\.m2\repository\com\github\java-json-tools\btf\1.3\btf-1.3.jar;C:\Users\surya\.m2\repository\com\github\java-json-tools\json-schema-core\1.2.14\json-schema-core-1.2.14.jar;C:\Users\surya\.m2\repository\com\github\java-json-tools\uri-template\0.10\uri-template-0.10.jar;C:\Users\surya\.m2\repository\org\mozilla\rhino\1.7.7.2\rhino-1.7.7.2.jar;C:\Users\surya\.m2\repository\com\sun\mail\mailapi\1.6.2\mailapi-1.6.2.jar;C:\Users\surya\.m2\repository\joda-time\joda-time\2.10.5\joda-time-2.10.5.jar;C:\Users\surya\.m2\repository\com\googlecode\libphonenumber\libphonenumber\8.11.1\libphonenumber-8.11.1.jar;C:\Users\surya\.m2\repository\com\google\code\findbugs\jsr305\3.0.2\jsr305-3.0.2.jar;C:\Users\surya\.m2\repository\net\sf\jopt-simple\jopt-simple\5.0.4\jopt-simple-5.0.4.jar;C:\Users\surya\.m2\repository\com\google\guava\guava\32.0.1-jre\guava-32.0.1-jre.jar;C:\Users\surya\.m2\repository\com\google\guava\failureaccess\1.0.1\failureaccess-1.0.1.jar;C:\Users\surya\.m2\repository\com\google\guava\listenablefuture\9999.0-empty-to-avoid-conflict-with-guava\listenablefuture-9999.0-empty-to-avoid-conflict-with-guava.jar;C:\Users\surya\.m2\repository\org\checkerframework\checker-qual\3.33.0\checker-qual-3.33.0.jar;C:\Users\surya\.m2\repository\com\google\errorprone\error_prone_annotations\2.18.0\error_prone_annotations-2.18.0.jar;C:\Users\surya\.m2\repository\com\google\j2objc\j2objc-annotations\2.8\j2objc-annotations-2.8.jar;C:\Users\surya\.m2\repository\io\rest-assured\spring-mock-mvc\5.3.2\spring-mock-mvc-5.3.2.jar;C:\Users\surya\.m2\repository\io\rest-assured\spring-commons\5.3.2\spring-commons-5.3.2.jar;C:\Users\surya\.m2\repository\org\springframework\spring-test\5.1.13.RELEASE\spring-test-5.1.13.RELEASE.jar;C:\Users\surya\.m2\repository\org\springframework\spring-core\5.1.13.RELEASE\spring-core-5.1.13.RELEASE.jar;C:\Users\surya\.m2\repository\org\springframework\spring-jcl\5.1.13.RELEASE\spring-jcl-5.1.13.RELEASE.jar;C:\Users\surya\.m2\repository\org\springframework\spring-webmvc\5.1.13.RELEASE\spring-webmvc-5.1.13.RELEASE.jar;C:\Users\surya\.m2\repository\org\springframework\spring-aop\5.1.13.RELEASE\spring-aop-5.1.13.RELEASE.jar;C:\Users\surya\.m2\repository\org\springframework\spring-beans\5.1.13.RELEASE\spring-beans-5.1.13.RELEASE.jar;C:\Users\surya\.m2\repository\org\springframework\spring-expression\5.1.13.RELEASE\spring-expression-5.1.13.RELEASE.jar;C:\Users\surya\.m2\repository\org\springframework\spring-web\5.1.13.RELEASE\spring-web-5.1.13.RELEASE.jar;C:\Users\surya\.m2\repository\io\rest-assured\spring-web-test-client\5.3.2\spring-web-test-client-5.3.2.jar;C:\Users\surya\.m2\repository\org\springframework\spring-context\5.1.13.RELEASE\spring-context-5.1.13.RELEASE.jar;C:\Users\surya\.m2\repository\org\synchronoss\cloud\nio-multipart-parser\1.1.0\nio-multipart-parser-1.1.0.jar;C:\Users\surya\.m2\repository\org\synchronoss\cloud\nio-stream-storage\1.1.3\nio-stream-storage-1.1.3.jar;C:\Users\surya\.m2\repository\com\fasterxml\jackson\core\jackson-databind\2.15.2\jackson-databind-2.15.2.jar;C:\Users\surya\.m2\repository\com\fasterxml\jackson\core\jackson-annotations\2.15.2\jackson-annotations-2.15.2.jar;C:\Users\surya\.m2\repository\com\fasterxml\jackson\core\jackson-core\2.15.2\jackson-core-2.15.2.jar;C:\Users\surya\.m2\repository\com\googlecode\json-simple\json-simple\1.1.1\json-simple-1.1.1.jar;C:\Users\surya\.m2\repository\junit\junit\4.10\junit-4.10.jar;C:\Users\surya\.m2\repository\org\hamcrest\hamcrest-core\1.1\hamcrest-core-1.1.jar;C:\Users\surya\.m2\repository\log4j\log4j\1.2.17\log4j-1.2.17.jar;C:\Users\surya\.m2\repository\com\github\javafaker\javafaker\1.0.2\javafaker-1.0.2.jar;C:\Users\surya\.m2\repository\org\yaml\snakeyaml\1.23\snakeyaml-1.23-android.jar;C:\Users\surya\.m2\repository\com\github\mifmif\generex\1.0.2\generex-1.0.2.jar;C:\Users\surya\.m2\repository\dk\brics\automaton\automaton\1.11-8\automaton-1.11-8.jar;C:\Users\surya\.m2\repository\com\aventstack\extentreports\5.1.1\extentreports-5.1.1.jar;C:\Users\surya\.m2\repository\io\reactivex\rxjava3\rxjava\3.1.6\rxjava-3.1.6.jar;C:\Users\surya\.m2\repository\org\reactivestreams\reactive-streams\1.0.4\reactive-streams-1.0.4.jar;C:\Users\surya\.m2\repository\org\freemarker\freemarker\2.3.32\freemarker-2.3.32.jar;C:\Users\surya\.m2\repository\org\projectlombok\lombok\1.18.26\lombok-1.18.26.jar;C:\Users\surya\.m2\repository\com\google\code\gson\gson\2.10.1\gson-2.10.1.jar;"/>
    <property name="sun.cpu.endian" value="little"/>
    <property name="user.home" value="C:\Users\surya"/>
    <property name="user.language" value="en"/>
    <property name="java.specification.vendor" value="Oracle Corporation"/>
    <property name="java.version.date" value="2023-10-17"/>
    <property name="java.home" value="D:\JDKs\JDK 17"/>
    <property name="file.separator" value="\"/>
    <property name="basedir" value="E:\RecruitCRM\SDET-Intern-Assignments\GoRest_APIAutomationScripts"/>
    <property name="java.vm.compressedOopsMode" value="32-bit"/>
    <property name="line.separator" value="&#10;"/>
    <property name="java.vm.specification.vendor" value="Oracle Corporation"/>
    <property name="java.specification.name" value="Java Platform API Specification"/>
    <property name="surefire.real.class.path" value="C:\Users\surya\AppData\Local\Temp\surefire15172801603512692214\surefirebooter12097613437190667748.jar"/>
    <property name="user.script" value=""/>
    <property name="sun.management.compiler" value="HotSpot 64-Bit Tiered Compilers"/>
    <property name="java.runtime.version" value="17.0.9+11-LTS-201"/>
    <property name="user.name" value="surya"/>
    <property name="path.separator" value=";"/>
    <property name="os.version" value="10.0"/>
    <property name="java.runtime.name" value="Java(TM) SE Runtime Environment"/>
    <property name="file.encoding" value="Cp1252"/>
    <property name="java.vm.name" value="Java HotSpot(TM) 64-Bit Server VM"/>
    <property name="localRepository" value="C:\Users\surya\.m2\repository"/>
    <property name="java.vendor.url.bug" value="https://bugreport.java.com/bugreport/"/>
    <property name="java.io.tmpdir" value="C:\Users\surya\AppData\Local\Temp\"/>
    <property name="idea.version" value="2023.3.1"/>
    <property name="java.version" value="17.0.9"/>
    <property name="user.dir" value="E:\RecruitCRM\SDET-Intern-Assignments\GoRest_APIAutomationScripts"/>
    <property name="os.arch" value="amd64"/>
    <property name="java.vm.specification.name" value="Java Virtual Machine Specification"/>
    <property name="sun.os.patch.level" value=""/>
    <property name="native.encoding" value="Cp1252"/>
    <property name="java.library.path" value="D:\JDKs\JDK 17\bin;C:\Windows\Sun\Java\bin;C:\Windows\system32;C:\Windows;C:\Program Files\Common Files\Oracle\Java\javapath;C:\Windows\system32;C:\Windows;C:\Windows\System32\Wbem;C:\Windows\System32\WindowsPowerShell\v1.0\;C:\Windows\System32\OpenSSH\;C:\Program Files (x86)\NVIDIA Corporation\PhysX\Common;C:\Program Files\Git\cmd;C:\Users\surya\AppData\Local\Microsoft\WindowsApps;D:\IDEs\Microsoft VS Code\bin;D:\apache-maven-3.9.5\bin;;."/>
    <property name="java.vm.info" value="mixed mode, sharing"/>
    <property name="java.vendor" value="Oracle Corporation"/>
    <property name="java.vm.version" value="17.0.9+11-LTS-201"/>
    <property name="sun.io.unicode.encoding" value="UnicodeLittle"/>
    <property name="java.class.version" value="61.0"/>
  </properties>
  <testcase name="createUserTest_1" classname="userModel.createUser.CreateUserTestClass" time="3.107">
    <system-out><![CDATA[2023-12-18 10:56:17,654 INFO  - \\\\\\\\\\\\\\\\\\\\\\\\\\\\\\\\\\\\\\\\\\\\\\\\\\\\\\\\
2023-12-18 10:56:17,654 INFO  - -------------------------------------- START TEST CASE : Create User Test : 1--------------------------------------
2023-12-18 10:56:17,654 INFO  - ****************************************************************************************************************
2023-12-18 10:56:17,694 INFO  - Initiate : Creating Request Body...
2023-12-18 10:56:17,863 INFO  - name = Duncan Hahn
2023-12-18 10:56:17,869 INFO  - gender = Female
2023-12-18 10:56:17,902 INFO  - email = martha.ward@hotmail.com
2023-12-18 10:56:17,902 INFO  - status = active
2023-12-18 10:56:17,902 INFO  - Successfull : Created Request Body
2023-12-18 10:56:17,902 INFO  - Initiate : Converting Request Body to a String Sequence...
2023-12-18 10:56:17,958 INFO  - Successfull : Converted Request Body to a String Sequence
2023-12-18 10:56:17,958 INFO  - Initiate : Generating URI
2023-12-18 10:56:17,964 INFO  - Successfull : Generated URI = https://gorest.co.in/public/v2/users
2023-12-18 10:56:17,964 INFO  - Initiate : Adding Headers to the Request Body...
2023-12-18 10:56:18,473 INFO  - Adding Header : Content Type
2023-12-18 10:56:18,553 INFO  - Added Header
2023-12-18 10:56:18,553 INFO  - Adding Header : Bearer Token
2023-12-18 10:56:18,557 INFO  - Added Header
2023-12-18 10:56:18,557 INFO  - Successfull : Added Headers to the Request Body
2023-12-18 10:56:18,557 INFO  - Initiate : Sending the Request and Fetching the Response...
2023-12-18 10:56:20,652 INFO  - Successfull : Request Sended and Response Fetched
2023-12-18 10:56:20,693 INFO  - id : 5837575
2023-12-18 10:56:20,702 INFO  - name : Duncan Hahn
2023-12-18 10:56:20,702 INFO  - email : martha.ward@hotmail.com
2023-12-18 10:56:20,702 INFO  - gender : female
2023-12-18 10:56:20,702 INFO  - status : active
2023-12-18 10:56:20,702 INFO  - ****************************************************************************************************************
2023-12-18 10:56:20,702 INFO  - ---------------------------------------------- ++++END TEST CASE++++ ----------------------------------------------
2023-12-18 10:56:20,702 INFO  - ////////////////////////////////////////////////////////////////////////////////////////////////////////////////
]]></system-out>
    <system-err><![CDATA[SLF4J: Failed to load class "org.slf4j.impl.StaticLoggerBinder".
SLF4J: Defaulting to no-operation (NOP) logger implementation
SLF4J: See http://www.slf4j.org/codes.html#StaticLoggerBinder for further details.
]]></system-err>
  </testcase>
  <testcase name="getUserTest_1" classname="userModel.getUser.GetUserTestClass" time="0.736">
    <system-out><![CDATA[2023-12-18 10:56:20,708 INFO  - \\\\\\\\\\\\\\\\\\\\\\\\\\\\\\\\\\\\\\\\\\\\\\\\\\\\\\\\
2023-12-18 10:56:20,708 INFO  - -------------------------------------- START TEST CASE : 'Get User' Test Case - 1--------------------------------------
2023-12-18 10:56:20,708 INFO  - ****************************************************************************************************************
2023-12-18 10:56:20,708 INFO  - Initiate : Generating URI
2023-12-18 10:56:20,708 INFO  - Successfull : Generated URI = https://gorest.co.in/public/v2/users/5837575
2023-12-18 10:56:20,708 INFO  - Initiate : Adding Headers to the Request Body...
2023-12-18 10:56:20,709 INFO  - Adding Header : Content Type
2023-12-18 10:56:20,709 INFO  - Added Header
2023-12-18 10:56:20,709 INFO  - Adding Header : Bearer Token
2023-12-18 10:56:20,710 INFO  - Added Header
2023-12-18 10:56:20,710 INFO  - Successfull : Added Headers to the Request Body
2023-12-18 10:56:20,754 INFO  - Initiate : Sending the Request and Fetching the Response...
2023-12-18 10:56:21,440 INFO  - Successfull : Request Sended and Response Fetched
2023-12-18 10:56:21,441 INFO  - id : 5837575
2023-12-18 10:56:21,441 INFO  - name : Duncan Hahn
2023-12-18 10:56:21,441 INFO  - email : martha.ward@hotmail.com
2023-12-18 10:56:21,441 INFO  - gender : female
2023-12-18 10:56:21,442 INFO  - status : active
2023-12-18 10:56:21,442 INFO  - ****************************************************************************************************************
2023-12-18 10:56:21,442 INFO  - ---------------------------------------------- ++++END TEST CASE++++ ----------------------------------------------
2023-12-18 10:56:21,442 INFO  - ////////////////////////////////////////////////////////////////////////////////////////////////////////////////
]]></system-out>
  </testcase>
  <testcase name="updateUserTest_1" classname="userModel.updateUser.UpdateUserTestClass" time="1.074">
    <system-out><![CDATA[2023-12-18 10:56:21,444 INFO  - \\\\\\\\\\\\\\\\\\\\\\\\\\\\\\\\\\\\\\\\\\\\\\\\\\\\\\\\
2023-12-18 10:56:21,444 INFO  - -------------------------------------- START TEST CASE : 'Update User' Test Case - 1--------------------------------------
2023-12-18 10:56:21,444 INFO  - ****************************************************************************************************************
2023-12-18 10:56:21,445 INFO  - Initiate : Creating Request Body...
2023-12-18 10:56:21,476 INFO  - name = Monte Hickle
2023-12-18 10:56:21,478 INFO  - gender = Male
2023-12-18 10:56:21,485 INFO  - email = marla.bartell@gmail.com
2023-12-18 10:56:21,485 INFO  - status = active
2023-12-18 10:56:21,485 INFO  - Successfull : Created Request Body
2023-12-18 10:56:21,485 INFO  - Initiate : Converting Request Body to a String Sequence...
2023-12-18 10:56:21,487 INFO  - Successfull : Converted Request Body to a String Sequence
2023-12-18 10:56:21,487 INFO  - Initiate : Generating URI
2023-12-18 10:56:21,487 INFO  - Successfull : Generated URI = https://gorest.co.in/public/v2/users/5837575
2023-12-18 10:56:21,487 INFO  - Initiate : Adding Headers to the Request Body...
2023-12-18 10:56:21,488 INFO  - Adding Header : Content Type
2023-12-18 10:56:21,488 INFO  - Added Header
2023-12-18 10:56:21,488 INFO  - Adding Header : Bearer Token
2023-12-18 10:56:21,494 INFO  - Added Header
2023-12-18 10:56:21,494 INFO  - Successfull : Added Headers to the Request Body
2023-12-18 10:56:21,494 INFO  - Initiate : Sending the Request and Fetching the Response...
2023-12-18 10:56:22,514 INFO  - Successfull : Request Sended and Response Fetched
2023-12-18 10:56:22,516 INFO  - id : 5837575
2023-12-18 10:56:22,516 INFO  - name : Monte Hickle
2023-12-18 10:56:22,516 INFO  - email : marla.bartell@gmail.com
2023-12-18 10:56:22,516 INFO  - gender : male
2023-12-18 10:56:22,516 INFO  - status : active
2023-12-18 10:56:22,516 INFO  - ****************************************************************************************************************
2023-12-18 10:56:22,516 INFO  - ---------------------------------------------- ++++END TEST CASE++++ ----------------------------------------------
2023-12-18 10:56:22,516 INFO  - ////////////////////////////////////////////////////////////////////////////////////////////////////////////////
]]></system-out>
  </testcase>
  <testcase name="deleteUserTestCase_1[org.testng.TestRunner@6b9fc5c7](1)" classname="userModel.deleteUser.DeleteUserTestClass" time="1.033">
    <system-out><![CDATA[2023-12-18 10:56:22,519 INFO  - \\\\\\\\\\\\\\\\\\\\\\\\\\\\\\\\\\\\\\\\\\\\\\\\\\\\\\\\
2023-12-18 10:56:22,519 INFO  - -------------------------------------- START TEST CASE : Delete User Test Case : One--------------------------------------
2023-12-18 10:56:22,520 INFO  - ****************************************************************************************************************
2023-12-18 10:56:22,520 INFO  - Initiate : Generating URI
2023-12-18 10:56:22,520 INFO  - Successfull : Generated URI = https://gorest.co.in/public/v2/users/5837575
2023-12-18 10:56:22,520 INFO  - Initiate : Adding Headers to the Request Body...
2023-12-18 10:56:22,520 INFO  - Adding Header : Content Type
2023-12-18 10:56:22,520 INFO  - Added Header
2023-12-18 10:56:22,520 INFO  - Adding Header : Bearer Token
2023-12-18 10:56:22,520 INFO  - Added Header
2023-12-18 10:56:22,521 INFO  - Successfull : Added Headers to the Request Body
2023-12-18 10:56:22,521 INFO  - Initiate : Sending the Request and Fetching the Response...
2023-12-18 10:56:23,548 INFO  - Successfull : Request Sended and Response Fetched
2023-12-18 10:56:23,549 INFO  - ****************************************************************************************************************
2023-12-18 10:56:23,549 INFO  - ---------------------------------------------- ++++END TEST CASE++++ ----------------------------------------------
2023-12-18 10:56:23,549 INFO  - ////////////////////////////////////////////////////////////////////////////////////////////////////////////////
]]></system-out>
  </testcase>
</testsuite>