<?xml version="1.0" encoding="UTF-8"?>
<!-- Generated by org.testng.reporters.JUnitReportReporter -->
<testsuite hostname="LIMBO" failures="0" tests="1" name="testCases.AddContactTestClass" time="21.776" errors="0" timestamp="2023-12-05T17:19:46 IST" skipped="0">
  <testcase classname="testCases.AddContactTestClass" name="addContactTest" time="21.776"/>
</testsuite> <!-- testCases.AddContactTestClass -->
