<?xml version="1.0" encoding="UTF-8"?>
<!-- Generated by org.testng.reporters.JUnitReportReporter -->
<testsuite hostname="LIMBO" failures="0" tests="1" name="testCases.LoginTestClass" time="4.090" errors="0" timestamp="2023-12-26T19:49:58 IST" skipped="0">
  <testcase classname="testCases.LoginTestClass" name="loginTest" time="4.090"/>
</testsuite> <!-- testCases.LoginTestClass -->
