<?xml version="1.0" encoding="UTF-8"?>
<!-- Generated by org.testng.reporters.JUnitReportReporter -->
<testsuite hostname="LIMBO" failures="0" tests="1" name="testCases.AddCompanyTestClass" time="20.470" errors="0" timestamp="2023-12-07T16:18:44 IST" skipped="0">
  <testcase classname="testCases.AddCompanyTestClass" name="addCompanyTest" time="20.470"/>
</testsuite> <!-- testCases.AddCompanyTestClass -->
