<?xml version="1.0" encoding="UTF-8"?>
<!-- Generated by org.testng.reporters.JUnitReportReporter -->
<testsuite hostname="LIMBO" failures="0" tests="2" name="testCases.AddContactTestClass" time="27.780" errors="0" timestamp="2023-12-25T20:00:33 IST" skipped="1">
  <testcase classname="testCases.AddContactTestClass" name="addContactTest" time="3.861">
    <skipped/>
  </testcase> <!-- addContactTest -->
  <testcase classname="testCases.AddContactTestClass" name="addContactTest" time="23.919"/>
</testsuite> <!-- testCases.AddContactTestClass -->
