<?xml version="1.0" encoding="UTF-8"?>
<!-- Generated by org.testng.reporters.JUnitReportReporter -->
<testsuite hostname="LIMBO" failures="0" tests="1" name="testCases.AddCandidateCustomFieldTestClass" time="102.540" errors="0" timestamp="2023-12-26T19:49:58 IST" skipped="0">
  <testcase classname="testCases.AddCandidateCustomFieldTestClass" name="addCandidateCustomFieldTest" time="102.540"/>
</testsuite> <!-- testCases.AddCandidateCustomFieldTestClass -->
