<?xml version="1.0" encoding="UTF-8"?>
<!-- Generated by org.testng.reporters.JUnitReportReporter -->
<testsuite hostname="LIMBO" failures="0" tests="1" name="testCases.AddCandidateTestClass" time="26.462" errors="0" timestamp="2023-11-29T20:50:08 IST" skipped="0">
  <testcase classname="testCases.AddCandidateTestClass" name="addCandidateTest" time="26.462"/>
</testsuite> <!-- testCases.AddCandidateTestClass -->
