<?xml version="1.0" encoding="UTF-8"?>
<!-- Generated by org.testng.reporters.JUnitReportReporter -->
<testsuite hostname="LIMBO" failures="0" tests="1" name="com.selenium.assignment.testing.AddCandidate" time="17.163" errors="0" timestamp="2023-12-07T16:43:42 IST" skipped="0">
  <testcase classname="com.selenium.assignment.testing.AddCandidate" name="addCandidateTest_Manual" time="17.163"/>
</testsuite> <!-- com.selenium.assignment.testing.AddCandidate -->
