<?xml version="1.0" encoding="UTF-8"?>
<!-- Generated by org.testng.reporters.JUnitReportReporter -->
<testsuite hostname="LIMBO" failures="0" tests="1" name="com.selenium.assignment.testing.AddJob" time="12.069" errors="0" timestamp="2023-12-07T16:43:42 IST" skipped="0">
  <testcase classname="com.selenium.assignment.testing.AddJob" name="addJobTest" time="12.069"/>
</testsuite> <!-- com.selenium.assignment.testing.AddJob -->
