<?xml version="1.0" encoding="UTF-8"?>
<!-- Generated by org.testng.reporters.JUnitReportReporter -->
<testsuite hostname="LIMBO" failures="0" tests="1" name="testCases.LoginTestClass" time="5.054" errors="0" timestamp="2023-12-25T20:00:33 IST" skipped="0">
  <testcase classname="testCases.LoginTestClass" name="loginTest" time="5.054"/>
</testsuite> <!-- testCases.LoginTestClass -->
