<?xml version="1.0" encoding="UTF-8"?>
<!-- Generated by org.testng.reporters.JUnitReportReporter -->
<testsuite hostname="LIMBO" failures="0" tests="1" name="com.selenium.assignment.testing.AddCandidate" time="23.424" errors="0" timestamp="2023-12-18T11:36:59 IST" skipped="0">
  <testcase classname="com.selenium.assignment.testing.AddCandidate" name="addCandidateTest_Manual" time="23.424"/>
</testsuite> <!-- com.selenium.assignment.testing.AddCandidate -->
