<?xml version="1.0" encoding="UTF-8"?>
<!-- Generated by org.testng.reporters.JUnitReportReporter -->
<testsuite hostname="LIMBO" failures="0" tests="1" name="testCases.AddCandidateCustomFieldTestClass" time="56.879" errors="0" timestamp="2023-12-05T17:19:46 IST" skipped="0">
  <testcase classname="testCases.AddCandidateCustomFieldTestClass" name="addCandidateCustomFieldTest" time="56.879"/>
</testsuite> <!-- testCases.AddCandidateCustomFieldTestClass -->
