<?xml version="1.0" encoding="UTF-8"?>
<!-- Generated by org.testng.reporters.JUnitReportReporter -->
<testsuite hostname="LIMBO" failures="0" tests="1" name="testCases.AddJobTestClass" time="30.421" errors="0" timestamp="2024-01-21T17:06:13 IST" skipped="0">
  <testcase classname="testCases.AddJobTestClass" name="addJobTest" time="30.421"/>
</testsuite> <!-- testCases.AddJobTestClass -->
