<?xml version="1.0" encoding="UTF-8"?>
<!-- Generated by org.testng.reporters.JUnitReportReporter -->
<testsuite hostname="LIMBO" failures="0" tests="1" name="testCases.LoginTestClass" time="3.750" errors="0" timestamp="2023-12-05T17:19:46 IST" skipped="0">
  <testcase classname="testCases.LoginTestClass" name="loginTest" time="3.750"/>
</testsuite> <!-- testCases.LoginTestClass -->
