<?xml version="1.0" encoding="UTF-8"?>
<!-- Generated by org.testng.reporters.JUnitReportReporter -->
<testsuite hostname="LIMBO" failures="0" tests="1" name="testCases.AddCompanyTestClass" time="10.733" errors="0" timestamp="2023-11-29T20:50:08 IST" skipped="0">
  <testcase classname="testCases.AddCompanyTestClass" name="addCompanyTest" time="10.733"/>
</testsuite> <!-- testCases.AddCompanyTestClass -->
