<?xml version="1.0" encoding="UTF-8"?>
<!-- Generated by org.testng.reporters.JUnitReportReporter -->
<testsuite hostname="LIMBO" failures="0" tests="1" name="testCases.AddJobTestClass" time="31.486" errors="0" timestamp="2023-12-26T19:49:58 IST" skipped="0">
  <testcase classname="testCases.AddJobTestClass" name="addJobTest" time="31.486"/>
</testsuite> <!-- testCases.AddJobTestClass -->
