<?xml version="1.0" encoding="UTF-8"?>
<!-- Generated by org.testng.reporters.JUnitReportReporter -->
<testsuite hostname="LIMBO" failures="0" tests="4" name="testCases.AddJobTestClass" time="91.659" errors="0" timestamp="2023-12-25T20:00:33 IST" skipped="3">
  <testcase classname="testCases.AddJobTestClass" name="addJobTest" time="29.072"/>
  <testcase classname="testCases.AddJobTestClass" name="addJobTest" time="4.459">
    <skipped/>
  </testcase> <!-- addJobTest -->
  <testcase classname="testCases.AddJobTestClass" name="addJobTest" time="23.129">
    <skipped/>
  </testcase> <!-- addJobTest -->
  <testcase classname="testCases.AddJobTestClass" name="addJobTest" time="34.999">
    <skipped/>
  </testcase> <!-- addJobTest -->
</testsuite> <!-- testCases.AddJobTestClass -->
