<?xml version="1.0" encoding="UTF-8"?>
<!-- Generated by org.testng.reporters.JUnitReportReporter -->
<testsuite hostname="LIMBO" failures="0" tests="1" name="testCases.AddJobTestClass" time="25.772" errors="0" timestamp="2023-12-18T11:25:26 IST" skipped="0">
  <testcase classname="testCases.AddJobTestClass" name="addJobTest" time="25.772"/>
</testsuite> <!-- testCases.AddJobTestClass -->
