<?xml version="1.0" encoding="UTF-8"?>
<!-- Generated by org.testng.reporters.JUnitReportReporter -->
<testsuite hostname="LIMBO" failures="0" tests="2" name="testCases.AddCompanyTestClass" time="62.233" errors="0" timestamp="2023-12-26T19:49:58 IST" skipped="1">
  <testcase classname="testCases.AddCompanyTestClass" name="addCompanyTest" time="34.959">
    <skipped/>
  </testcase> <!-- addCompanyTest -->
  <testcase classname="testCases.AddCompanyTestClass" name="addCompanyTest" time="27.274"/>
</testsuite> <!-- testCases.AddCompanyTestClass -->
