<?xml version="1.0" encoding="UTF-8"?>
<!-- Generated by org.testng.reporters.JUnitReportReporter -->
<testsuite hostname="LIMBO" failures="0" tests="1" name="testCases.LoginTestClass" time="5.163" errors="0" timestamp="2023-12-18T11:25:26 IST" skipped="0">
  <testcase classname="testCases.LoginTestClass" name="loginTest" time="5.163"/>
</testsuite> <!-- testCases.LoginTestClass -->
