<?xml version="1.0" encoding="UTF-8"?>
<!-- Generated by org.testng.reporters.JUnitReportReporter -->
<testsuite hostname="LIMBO" failures="0" tests="1" name="testCases.AddContactTestClass" time="28.366" errors="0" timestamp="2024-01-21T17:06:13 IST" skipped="0">
  <testcase classname="testCases.AddContactTestClass" name="addContactTest" time="28.366"/>
</testsuite> <!-- testCases.AddContactTestClass -->
