<?xml version="1.0" encoding="UTF-8"?>
<!-- Generated by org.testng.reporters.JUnitReportReporter -->
<testsuite hostname="LIMBO" failures="0" tests="2" name="testCases.AddCandidateCustomFieldTestClass" time="124.282" errors="0" timestamp="2024-01-21T17:06:13 IST" skipped="1">
  <testcase classname="testCases.AddCandidateCustomFieldTestClass" name="addCandidateCustomFieldTest" time="88.246"/>
  <testcase classname="testCases.AddCandidateCustomFieldTestClass" name="addCandidateCustomFieldTest" time="36.036">
    <skipped/>
  </testcase> <!-- addCandidateCustomFieldTest -->
</testsuite> <!-- testCases.AddCandidateCustomFieldTestClass -->
