<?xml version="1.0" encoding="UTF-8"?>
<!-- Generated by org.testng.reporters.JUnitReportReporter -->
<testsuite hostname="LIMBO" failures="0" tests="1" name="testCases.AddCompanyTestClass" time="15.035" errors="0" timestamp="2023-12-05T17:19:46 IST" skipped="0">
  <testcase classname="testCases.AddCompanyTestClass" name="addCompanyTest" time="15.035"/>
</testsuite> <!-- testCases.AddCompanyTestClass -->
